Linux 3.11.10-301.fc20.x86_64 (AlgoCompSynth) 	12/16/2013 	_x86_64_	(8 CPU)

avg-cpu:  %user   %nice %system %iowait  %steal   %idle
          10.06    0.00    0.79    0.51    0.00   88.64

Device:            tps    kB_read/s    kB_wrtn/s    kB_read    kB_wrtn
sda             335.61      1763.87        80.79    3095951     141800
sdb               1.21         4.11         4.33       7217       7596

avg-cpu:  %user   %nice %system %iowait  %steal   %idle
          10.26    0.00    3.75    0.75    0.00   85.23

Device:            tps    kB_read/s    kB_wrtn/s    kB_read    kB_wrtn
sda             557.00      2228.00         0.00       2228          0
sdb               1.00         4.00         0.00          4          0

avg-cpu:  %user   %nice %system %iowait  %steal   %idle
          11.15    0.00    1.00    0.50    0.00   87.34

Device:            tps    kB_read/s    kB_wrtn/s    kB_read    kB_wrtn
sda             776.00      3104.00         0.00       3104          0
sdb               0.00         0.00         0.00          0          0

avg-cpu:  %user   %nice %system %iowait  %steal   %idle
          11.01    0.00    4.01    0.00    0.00   84.98

Device:            tps    kB_read/s    kB_wrtn/s    kB_read    kB_wrtn
sda              31.00       124.00         0.00        124          0
sdb               0.00         0.00         0.00          0          0

avg-cpu:  %user   %nice %system %iowait  %steal   %idle
          10.92    0.00    4.27    0.00    0.00   84.82

Device:            tps    kB_read/s    kB_wrtn/s    kB_read    kB_wrtn
sda               0.00         0.00         0.00          0          0
sdb               2.00         0.00         8.00          0          8

avg-cpu:  %user   %nice %system %iowait  %steal   %idle
          10.76    0.00    3.88    0.00    0.00   85.36

Device:            tps    kB_read/s    kB_wrtn/s    kB_read    kB_wrtn
sda               4.00         0.00        20.00          0         20
sdb               0.00         0.00         0.00          0          0

avg-cpu:  %user   %nice %system %iowait  %steal   %idle
          10.76    0.00    3.75    0.25    0.00   85.23

Device:            tps    kB_read/s    kB_wrtn/s    kB_read    kB_wrtn
sda               0.00         0.00         0.00          0          0
sdb               2.00         0.00        32.00          0         32

avg-cpu:  %user   %nice %system %iowait  %steal   %idle
          10.64    0.00    3.88    0.00    0.00   85.48

Device:            tps    kB_read/s    kB_wrtn/s    kB_read    kB_wrtn
sda               0.00         0.00         0.00          0          0
sdb               0.00         0.00         0.00          0          0

avg-cpu:  %user   %nice %system %iowait  %steal   %idle
          10.65    0.00    3.88    0.00    0.00   85.46

Device:            tps    kB_read/s    kB_wrtn/s    kB_read    kB_wrtn
sda               0.00         0.00         0.00          0          0
sdb               0.00         0.00         0.00          0          0

avg-cpu:  %user   %nice %system %iowait  %steal   %idle
          10.76    0.00    3.63    0.00    0.00   85.61

Device:            tps    kB_read/s    kB_wrtn/s    kB_read    kB_wrtn
sda               0.00         0.00         0.00          0          0
sdb               0.00         0.00         0.00          0          0

avg-cpu:  %user   %nice %system %iowait  %steal   %idle
          10.66    0.00    3.26    0.00    0.00   86.07

Device:            tps    kB_read/s    kB_wrtn/s    kB_read    kB_wrtn
sda               0.00         0.00         0.00          0          0
sdb               0.00         0.00         0.00          0          0

avg-cpu:  %user   %nice %system %iowait  %steal   %idle
          10.76    0.00    3.38    0.25    0.00   85.61

Device:            tps    kB_read/s    kB_wrtn/s    kB_read    kB_wrtn
sda               0.00         0.00         0.00          0          0
sdb               2.00         0.00        16.00          0         16

avg-cpu:  %user   %nice %system %iowait  %steal   %idle
          10.14    0.00    2.13    1.13    0.00   86.61

Device:            tps    kB_read/s    kB_wrtn/s    kB_read    kB_wrtn
sda             755.00      4156.00         0.00       4156          0
sdb               0.00         0.00         0.00          0          0

avg-cpu:  %user   %nice %system %iowait  %steal   %idle
           8.67    0.00    2.01    2.14    0.00   87.19

Device:            tps    kB_read/s    kB_wrtn/s    kB_read    kB_wrtn
sda            1567.00      8648.00         0.00       8648          0
sdb               0.00         0.00         0.00          0          0

avg-cpu:  %user   %nice %system %iowait  %steal   %idle
           8.78    0.00    1.76    2.26    0.00   87.20

Device:            tps    kB_read/s    kB_wrtn/s    kB_read    kB_wrtn
sda            1526.00      8456.00         0.00       8456          0
sdb               0.00         0.00         0.00          0          0

avg-cpu:  %user   %nice %system %iowait  %steal   %idle
           9.05    0.00    1.76    2.01    0.00   87.19

Device:            tps    kB_read/s    kB_wrtn/s    kB_read    kB_wrtn
sda            1448.00      8208.00         0.00       8208          0
sdb               0.00         0.00         0.00          0          0

avg-cpu:  %user   %nice %system %iowait  %steal   %idle
           8.43    0.00    1.89    2.52    0.00   87.17

Device:            tps    kB_read/s    kB_wrtn/s    kB_read    kB_wrtn
sda            1539.00      8512.00         0.00       8512          0
sdb               2.00         0.00        16.00          0         16

avg-cpu:  %user   %nice %system %iowait  %steal   %idle
           9.03    0.00    1.63    2.01    0.00   87.33

Device:            tps    kB_read/s    kB_wrtn/s    kB_read    kB_wrtn
sda            1398.00      8084.00         0.00       8084          0
sdb               0.00         0.00         0.00          0          0

avg-cpu:  %user   %nice %system %iowait  %steal   %idle
           9.03    0.00    1.76    2.01    0.00   87.20

Device:            tps    kB_read/s    kB_wrtn/s    kB_read    kB_wrtn
sda            1411.00      8192.00         0.00       8192          0
sdb               0.00         0.00         0.00          0          0

avg-cpu:  %user   %nice %system %iowait  %steal   %idle
           8.69    0.00    1.51    2.14    0.00   87.66

Device:            tps    kB_read/s    kB_wrtn/s    kB_read    kB_wrtn
sda            1571.00      8512.00         0.00       8512          0
sdb               0.00         0.00         0.00          0          0

avg-cpu:  %user   %nice %system %iowait  %steal   %idle
           8.78    0.00    1.63    2.26    0.00   87.33

Device:            tps    kB_read/s    kB_wrtn/s    kB_read    kB_wrtn
sda            1553.00      8436.00         0.00       8436          0
sdb               0.00         0.00         0.00          0          0

avg-cpu:  %user   %nice %system %iowait  %steal   %idle
           8.77    0.00    1.63    2.38    0.00   87.22

Device:            tps    kB_read/s    kB_wrtn/s    kB_read    kB_wrtn
sda            1623.00      9192.00         0.00       9192          0
sdb               2.00         0.00        16.00          0         16

avg-cpu:  %user   %nice %system %iowait  %steal   %idle
           9.02    0.00    1.75    2.01    0.00   87.22

Device:            tps    kB_read/s    kB_wrtn/s    kB_read    kB_wrtn
sda            1455.00      8496.00         0.00       8496          0
sdb               0.00         0.00         0.00          0          0

avg-cpu:  %user   %nice %system %iowait  %steal   %idle
          10.04    0.00    1.00    1.51    0.00   87.45

Device:            tps    kB_read/s    kB_wrtn/s    kB_read    kB_wrtn
sda            1052.00      6176.00         0.00       6176          0
sdb               0.00         0.00         0.00          0          0

avg-cpu:  %user   %nice %system %iowait  %steal   %idle
           8.67    0.00    1.63    2.26    0.00   87.44

Device:            tps    kB_read/s    kB_wrtn/s    kB_read    kB_wrtn
sda            1522.77      8633.66         0.00       8720          0
sdb               0.00         0.00         0.00          0          0

avg-cpu:  %user   %nice %system %iowait  %steal   %idle
           9.03    0.00    1.63    2.01    0.00   87.33

Device:            tps    kB_read/s    kB_wrtn/s    kB_read    kB_wrtn
sda            1456.00      8416.00         0.00       8416          0
sdb               0.00         0.00         0.00          0          0

avg-cpu:  %user   %nice %system %iowait  %steal   %idle
           8.91    0.00    1.63    2.13    0.00   87.33

Device:            tps    kB_read/s    kB_wrtn/s    kB_read    kB_wrtn
sda            1344.00      7368.00         0.00       7368          0
sdb               2.00         0.00        16.00          0         16

avg-cpu:  %user   %nice %system %iowait  %steal   %idle
           8.69    0.00    1.64    2.02    0.00   87.66

Device:            tps    kB_read/s    kB_wrtn/s    kB_read    kB_wrtn
sda            1413.00      7912.00         0.00       7912          0
sdb               0.00         0.00         0.00          0          0

avg-cpu:  %user   %nice %system %iowait  %steal   %idle
           8.52    0.00    1.88    2.26    0.00   87.34

Device:            tps    kB_read/s    kB_wrtn/s    kB_read    kB_wrtn
sda            1614.00      9116.00         0.00       9116          0
sdb               0.00         0.00         0.00          0          0

avg-cpu:  %user   %nice %system %iowait  %steal   %idle
           9.17    0.00    1.51    1.88    0.00   87.44

Device:            tps    kB_read/s    kB_wrtn/s    kB_read    kB_wrtn
sda            1312.00      7424.00         0.00       7424          0
sdb               0.00         0.00         0.00          0          0

avg-cpu:  %user   %nice %system %iowait  %steal   %idle
           9.16    0.00    1.38    2.01    0.00   87.45

Device:            tps    kB_read/s    kB_wrtn/s    kB_read    kB_wrtn
sda            1347.00      7528.00         0.00       7528          0
sdb               0.00         0.00         0.00          0          0

avg-cpu:  %user   %nice %system %iowait  %steal   %idle
           8.52    0.00    1.75    2.38    0.00   87.34

Device:            tps    kB_read/s    kB_wrtn/s    kB_read    kB_wrtn
sda            1713.00      9964.00         0.00       9964          0
sdb               2.00         0.00        16.00          0         16

avg-cpu:  %user   %nice %system %iowait  %steal   %idle
           8.79    0.00    1.63    2.01    0.00   87.56

Device:            tps    kB_read/s    kB_wrtn/s    kB_read    kB_wrtn
sda            1435.00      8416.00         0.00       8416          0
sdb               0.00         0.00         0.00          0          0

avg-cpu:  %user   %nice %system %iowait  %steal   %idle
           9.25    0.00    1.62    2.12    0.00   87.00

Device:            tps    kB_read/s    kB_wrtn/s    kB_read    kB_wrtn
sda            1439.00      7992.00         0.00       7992          0
sdb               0.00         0.00         0.00          0          0

avg-cpu:  %user   %nice %system %iowait  %steal   %idle
           8.41    0.00    1.88    2.26    0.00   87.45

Device:            tps    kB_read/s    kB_wrtn/s    kB_read    kB_wrtn
sda            1620.00      9028.00         0.00       9028          0
sdb               3.00         0.00        64.00          0         64

avg-cpu:  %user   %nice %system %iowait  %steal   %idle
           8.81    0.00    1.38    2.01    0.00   87.80

Device:            tps    kB_read/s    kB_wrtn/s    kB_read    kB_wrtn
sda            1453.00      7940.00         0.00       7940          0
sdb               0.00         0.00         0.00          0          0

avg-cpu:  %user   %nice %system %iowait  %steal   %idle
           8.92    0.00    1.51    2.01    0.00   87.56

Device:            tps    kB_read/s    kB_wrtn/s    kB_read    kB_wrtn
sda            1384.00      7556.00         0.00       7556          0
sdb               2.00         0.00        24.00          0         24

avg-cpu:  %user   %nice %system %iowait  %steal   %idle
           8.17    0.00    1.76    2.51    0.00   87.56

Device:            tps    kB_read/s    kB_wrtn/s    kB_read    kB_wrtn
sda            1733.00      9740.00         0.00       9740          0
sdb               0.00         0.00         0.00          0          0

avg-cpu:  %user   %nice %system %iowait  %steal   %idle
           9.41    0.00    1.38    1.76    0.00   87.45

Device:            tps    kB_read/s    kB_wrtn/s    kB_read    kB_wrtn
sda            1263.00      6900.00         0.00       6900          0
sdb               0.00         0.00         0.00          0          0

avg-cpu:  %user   %nice %system %iowait  %steal   %idle
           8.54    0.00    2.14    1.76    0.00   87.56

Device:            tps    kB_read/s    kB_wrtn/s    kB_read    kB_wrtn
sda            1264.00      6948.00         0.00       6948          0
sdb               5.00         0.00        20.00          0         20

avg-cpu:  %user   %nice %system %iowait  %steal   %idle
           8.43    0.00    1.51    2.39    0.00   87.67

Device:            tps    kB_read/s    kB_wrtn/s    kB_read    kB_wrtn
sda            1626.00      8936.00         0.00       8936          0
sdb               0.00         0.00         0.00          0          0

avg-cpu:  %user   %nice %system %iowait  %steal   %idle
           8.92    0.00    1.51    2.26    0.00   87.31

Device:            tps    kB_read/s    kB_wrtn/s    kB_read    kB_wrtn
sda            1409.00      7924.00         0.00       7924          0
sdb               2.00         0.00        16.00          0         16

avg-cpu:  %user   %nice %system %iowait  %steal   %idle
           9.18    0.00    1.38    1.76    0.00   87.67

Device:            tps    kB_read/s    kB_wrtn/s    kB_read    kB_wrtn
sda            1264.00      7388.00         0.00       7388          0
sdb               0.00         0.00         0.00          0          0

avg-cpu:  %user   %nice %system %iowait  %steal   %idle
           9.28    0.00    1.51    1.76    0.00   87.45

Device:            tps    kB_read/s    kB_wrtn/s    kB_read    kB_wrtn
sda            1278.00      7240.00         0.00       7240          0
sdb               0.00         0.00         0.00          0          0

avg-cpu:  %user   %nice %system %iowait  %steal   %idle
          11.15    0.00    0.63    0.75    0.00   87.47

Device:            tps    kB_read/s    kB_wrtn/s    kB_read    kB_wrtn
sda             470.00      2716.00         0.00       2716          0
sdb               0.00         0.00         0.00          0          0

avg-cpu:  %user   %nice %system %iowait  %steal   %idle
          12.48    0.00    0.37    0.00    0.00   87.14

Device:            tps    kB_read/s    kB_wrtn/s    kB_read    kB_wrtn
sda               0.00         0.00         0.00          0          0
sdb               0.00         0.00         0.00          0          0

avg-cpu:  %user   %nice %system %iowait  %steal   %idle
          12.38    0.00    0.38    0.25    0.00   87.00

Device:            tps    kB_read/s    kB_wrtn/s    kB_read    kB_wrtn
sda               0.00         0.00         0.00          0          0
sdb               2.00         0.00        16.00          0         16

avg-cpu:  %user   %nice %system %iowait  %steal   %idle
          12.50    0.00    0.25    0.00    0.00   87.25

Device:            tps    kB_read/s    kB_wrtn/s    kB_read    kB_wrtn
sda               0.00         0.00         0.00          0          0
sdb               0.00         0.00         0.00          0          0

avg-cpu:  %user   %nice %system %iowait  %steal   %idle
          12.25    0.00    0.62    0.00    0.00   87.12

Device:            tps    kB_read/s    kB_wrtn/s    kB_read    kB_wrtn
sda               0.00         0.00         0.00          0          0
sdb               0.00         0.00         0.00          0          0

avg-cpu:  %user   %nice %system %iowait  %steal   %idle
          12.39    0.00    0.25    0.00    0.00   87.36

Device:            tps    kB_read/s    kB_wrtn/s    kB_read    kB_wrtn
sda               0.00         0.00         0.00          0          0
sdb               0.00         0.00         0.00          0          0

avg-cpu:  %user   %nice %system %iowait  %steal   %idle
          12.48    0.00    0.37    0.00    0.00   87.14

Device:            tps    kB_read/s    kB_wrtn/s    kB_read    kB_wrtn
sda               0.00         0.00         0.00          0          0
sdb               0.00         0.00         0.00          0          0

avg-cpu:  %user   %nice %system %iowait  %steal   %idle
          12.50    0.00    0.38    0.25    0.00   86.88

Device:            tps    kB_read/s    kB_wrtn/s    kB_read    kB_wrtn
sda               0.00         0.00         0.00          0          0
sdb               2.00         0.00        16.00          0         16

avg-cpu:  %user   %nice %system %iowait  %steal   %idle
          12.50    0.00    0.25    0.00    0.00   87.25

Device:            tps    kB_read/s    kB_wrtn/s    kB_read    kB_wrtn
sda               0.00         0.00         0.00          0          0
sdb               0.00         0.00         0.00          0          0

avg-cpu:  %user   %nice %system %iowait  %steal   %idle
          12.27    0.00    0.38    0.00    0.00   87.36

Device:            tps    kB_read/s    kB_wrtn/s    kB_read    kB_wrtn
sda               0.00         0.00         0.00          0          0
sdb               0.00         0.00         0.00          0          0

avg-cpu:  %user   %nice %system %iowait  %steal   %idle
          12.50    0.00    0.38    0.00    0.00   87.12

Device:            tps    kB_read/s    kB_wrtn/s    kB_read    kB_wrtn
sda               0.00         0.00         0.00          0          0
sdb               0.00         0.00         0.00          0          0

avg-cpu:  %user   %nice %system %iowait  %steal   %idle
          12.48    0.00    0.37    0.00    0.00   87.14

Device:            tps    kB_read/s    kB_wrtn/s    kB_read    kB_wrtn
sda               0.00         0.00         0.00          0          0
sdb               0.00         0.00         0.00          0          0

avg-cpu:  %user   %nice %system %iowait  %steal   %idle
          12.41    0.00    0.38    0.13    0.00   87.09

Device:            tps    kB_read/s    kB_wrtn/s    kB_read    kB_wrtn
sda               0.00         0.00         0.00          0          0
sdb               2.00         0.00        16.00          0         16

avg-cpu:  %user   %nice %system %iowait  %steal   %idle
          12.48    0.00    0.37    0.00    0.00   87.14

Device:            tps    kB_read/s    kB_wrtn/s    kB_read    kB_wrtn
sda               0.00         0.00         0.00          0          0
sdb               0.00         0.00         0.00          0          0

avg-cpu:  %user   %nice %system %iowait  %steal   %idle
          12.52    0.00    0.25    0.00    0.00   87.23

Device:            tps    kB_read/s    kB_wrtn/s    kB_read    kB_wrtn
sda               0.00         0.00         0.00          0          0
sdb               0.00         0.00         0.00          0          0

avg-cpu:  %user   %nice %system %iowait  %steal   %idle
          12.27    0.00    0.38    0.00    0.00   87.36

Device:            tps    kB_read/s    kB_wrtn/s    kB_read    kB_wrtn
sda               0.00         0.00         0.00          0          0
sdb               0.00         0.00         0.00          0          0

avg-cpu:  %user   %nice %system %iowait  %steal   %idle
          12.36    0.00    0.62    0.00    0.00   87.02

Device:            tps    kB_read/s    kB_wrtn/s    kB_read    kB_wrtn
sda               0.00         0.00         0.00          0          0
sdb               0.00         0.00         0.00          0          0

avg-cpu:  %user   %nice %system %iowait  %steal   %idle
          12.38    0.00    0.38    0.38    0.00   86.88

Device:            tps    kB_read/s    kB_wrtn/s    kB_read    kB_wrtn
sda               0.00         0.00         0.00          0          0
sdb               2.00         0.00        16.00          0         16

avg-cpu:  %user   %nice %system %iowait  %steal   %idle
          12.48    0.00    0.37    0.00    0.00   87.14

Device:            tps    kB_read/s    kB_wrtn/s    kB_read    kB_wrtn
sda               0.00         0.00         0.00          0          0
sdb               0.00         0.00         0.00          0          0

avg-cpu:  %user   %nice %system %iowait  %steal   %idle
          12.41    0.00    0.25    0.00    0.00   87.34

Device:            tps    kB_read/s    kB_wrtn/s    kB_read    kB_wrtn
sda               0.00         0.00         0.00          0          0
sdb               0.00         0.00         0.00          0          0

avg-cpu:  %user   %nice %system %iowait  %steal   %idle
          12.38    0.00    0.38    0.00    0.00   87.25

Device:            tps    kB_read/s    kB_wrtn/s    kB_read    kB_wrtn
sda               0.00         0.00         0.00          0          0
sdb               0.00         0.00         0.00          0          0

avg-cpu:  %user   %nice %system %iowait  %steal   %idle
          12.50    0.00    0.25    0.00    0.00   87.25

Device:            tps    kB_read/s    kB_wrtn/s    kB_read    kB_wrtn
sda               0.00         0.00         0.00          0          0
sdb               0.00         0.00         0.00          0          0

avg-cpu:  %user   %nice %system %iowait  %steal   %idle
          12.47    0.00    0.50    0.37    0.00   86.66

Device:            tps    kB_read/s    kB_wrtn/s    kB_read    kB_wrtn
sda               0.00         0.00         0.00          0          0
sdb               2.00         0.00        16.00          0         16

avg-cpu:  %user   %nice %system %iowait  %steal   %idle
          12.38    0.00    0.38    0.00    0.00   87.25

Device:            tps    kB_read/s    kB_wrtn/s    kB_read    kB_wrtn
sda               0.00         0.00         0.00          0          0
sdb               0.00         0.00         0.00          0          0

avg-cpu:  %user   %nice %system %iowait  %steal   %idle
          12.39    0.00    0.25    0.00    0.00   87.36

Device:            tps    kB_read/s    kB_wrtn/s    kB_read    kB_wrtn
sda               0.00         0.00         0.00          0          0
sdb               0.00         0.00         0.00          0          0

avg-cpu:  %user   %nice %system %iowait  %steal   %idle
          12.36    0.00    0.62    0.00    0.00   87.02

Device:            tps    kB_read/s    kB_wrtn/s    kB_read    kB_wrtn
sda               0.00         0.00         0.00          0          0
sdb               6.00         0.00        44.00          0         44

avg-cpu:  %user   %nice %system %iowait  %steal   %idle
          12.39    0.00    0.25    0.00    0.00   87.36

Device:            tps    kB_read/s    kB_wrtn/s    kB_read    kB_wrtn
sda               0.00         0.00         0.00          0          0
sdb               0.00         0.00         0.00          0          0

avg-cpu:  %user   %nice %system %iowait  %steal   %idle
          12.25    0.00    0.62    0.12    0.00   87.00

Device:            tps    kB_read/s    kB_wrtn/s    kB_read    kB_wrtn
sda               0.00         0.00         0.00          0          0
sdb               2.00         0.00        24.00          0         24

avg-cpu:  %user   %nice %system %iowait  %steal   %idle
          12.41    0.00    0.25    0.00    0.00   87.34

Device:            tps    kB_read/s    kB_wrtn/s    kB_read    kB_wrtn
sda               0.00         0.00         0.00          0          0
sdb               0.00         0.00         0.00          0          0

avg-cpu:  %user   %nice %system %iowait  %steal   %idle
          12.50    0.00    0.25    0.00    0.00   87.25

Device:            tps    kB_read/s    kB_wrtn/s    kB_read    kB_wrtn
sda               0.00         0.00         0.00          0          0
sdb               0.00         0.00         0.00          0          0

avg-cpu:  %user   %nice %system %iowait  %steal   %idle
          12.61    0.00    6.74    0.00    0.00   80.65

Device:            tps    kB_read/s    kB_wrtn/s    kB_read    kB_wrtn
sda               0.00         0.00         0.00          0          0
sdb               2.00         0.00         8.00          0          8

avg-cpu:  %user   %nice %system %iowait  %steal   %idle
          64.71    0.00   35.29    0.00    0.00    0.00

Device:            tps    kB_read/s    kB_wrtn/s    kB_read    kB_wrtn
sda               0.00         0.00         0.00          0          0
sdb               0.00         0.00         0.00          0          0

avg-cpu:  %user   %nice %system %iowait  %steal   %idle
          79.62    0.00   20.38    0.00    0.00    0.00

Device:            tps    kB_read/s    kB_wrtn/s    kB_read    kB_wrtn
sda               0.00         0.00         0.00          0          0
sdb               2.00         0.00        16.00          0         16

avg-cpu:  %user   %nice %system %iowait  %steal   %idle
          97.88    0.00    2.12    0.00    0.00    0.00

Device:            tps    kB_read/s    kB_wrtn/s    kB_read    kB_wrtn
sda               0.00         0.00         0.00          0          0
sdb               0.00         0.00         0.00          0          0

avg-cpu:  %user   %nice %system %iowait  %steal   %idle
          99.13    0.00    0.87    0.00    0.00    0.00

Device:            tps    kB_read/s    kB_wrtn/s    kB_read    kB_wrtn
sda               0.00         0.00         0.00          0          0
sdb               0.00         0.00         0.00          0          0

avg-cpu:  %user   %nice %system %iowait  %steal   %idle
          97.62    0.00    2.13    0.00    0.00    0.25

Device:            tps    kB_read/s    kB_wrtn/s    kB_read    kB_wrtn
sda               0.00         0.00         0.00          0          0
sdb               0.00         0.00         0.00          0          0

avg-cpu:  %user   %nice %system %iowait  %steal   %idle
          16.88    0.00    1.62    0.00    0.00   81.50

Device:            tps    kB_read/s    kB_wrtn/s    kB_read    kB_wrtn
sda               0.00         0.00         0.00          0          0
sdb               0.00         0.00         0.00          0          0

avg-cpu:  %user   %nice %system %iowait  %steal   %idle
          11.61    0.00    1.25    0.37    0.00   86.77

Device:            tps    kB_read/s    kB_wrtn/s    kB_read    kB_wrtn
sda               0.00         0.00         0.00          0          0
sdb               2.00         0.00        16.00          0         16

avg-cpu:  %user   %nice %system %iowait  %steal   %idle
          11.88    0.00    0.88    0.00    0.00   87.25

Device:            tps    kB_read/s    kB_wrtn/s    kB_read    kB_wrtn
sda               0.00         0.00         0.00          0          0
sdb               0.00         0.00         0.00          0          0

avg-cpu:  %user   %nice %system %iowait  %steal   %idle
          12.14    0.00    1.50    0.00    0.00   86.36

Device:            tps    kB_read/s    kB_wrtn/s    kB_read    kB_wrtn
sda               0.00         0.00         0.00          0          0
sdb               0.00         0.00         0.00          0          0

avg-cpu:  %user   %nice %system %iowait  %steal   %idle
          12.25    0.00   13.38    0.00    0.00   74.38

Device:            tps    kB_read/s    kB_wrtn/s    kB_read    kB_wrtn
sda               0.00         0.00         0.00          0          0
sdb               0.00         0.00         0.00          0          0

avg-cpu:  %user   %nice %system %iowait  %steal   %idle
          12.50    0.00    0.12    0.00    0.00   87.38

Device:            tps    kB_read/s    kB_wrtn/s    kB_read    kB_wrtn
sda               0.00         0.00         0.00          0          0
sdb               0.00         0.00         0.00          0          0

avg-cpu:  %user   %nice %system %iowait  %steal   %idle
          12.38    0.00    0.50    0.25    0.00   86.88

Device:            tps    kB_read/s    kB_wrtn/s    kB_read    kB_wrtn
sda               0.00         0.00         0.00          0          0
sdb               2.00         0.00        16.00          0         16

avg-cpu:  %user   %nice %system %iowait  %steal   %idle
          12.38    0.00    0.38    0.00    0.00   87.25

Device:            tps    kB_read/s    kB_wrtn/s    kB_read    kB_wrtn
sda               0.00         0.00         0.00          0          0
sdb               0.00         0.00         0.00          0          0

avg-cpu:  %user   %nice %system %iowait  %steal   %idle
          12.25    0.00    0.50    0.00    0.00   87.25

Device:            tps    kB_read/s    kB_wrtn/s    kB_read    kB_wrtn
sda               0.00         0.00         0.00          0          0
sdb               0.00         0.00         0.00          0          0

avg-cpu:  %user   %nice %system %iowait  %steal   %idle
          12.27    0.00    0.38    0.00    0.00   87.36

Device:            tps    kB_read/s    kB_wrtn/s    kB_read    kB_wrtn
sda               0.00         0.00         0.00          0          0
sdb               0.00         0.00         0.00          0          0

avg-cpu:  %user   %nice %system %iowait  %steal   %idle
          12.34    0.00    0.50    0.00    0.00   87.16

Device:            tps    kB_read/s    kB_wrtn/s    kB_read    kB_wrtn
sda               0.00         0.00         0.00          0          0
sdb               0.00         0.00         0.00          0          0

avg-cpu:  %user   %nice %system %iowait  %steal   %idle
          12.28    0.00    0.25    0.00    0.00   87.47

Device:            tps    kB_read/s    kB_wrtn/s    kB_read    kB_wrtn
sda               0.00         0.00         0.00          0          0
sdb               0.00         0.00         0.00          0          0

avg-cpu:  %user   %nice %system %iowait  %steal   %idle
          12.23    0.00    0.50    0.37    0.00   86.89

Device:            tps    kB_read/s    kB_wrtn/s    kB_read    kB_wrtn
sda               0.00         0.00         0.00          0          0
sdb               2.00         0.00        16.00          0         16

avg-cpu:  %user   %nice %system %iowait  %steal   %idle
          12.27    0.00    0.38    0.00    0.00   87.36

Device:            tps    kB_read/s    kB_wrtn/s    kB_read    kB_wrtn
sda               0.00         0.00         0.00          0          0
sdb               0.00         0.00         0.00          0          0

avg-cpu:  %user   %nice %system %iowait  %steal   %idle
          12.23    0.00    0.50    0.00    0.00   87.27

Device:            tps    kB_read/s    kB_wrtn/s    kB_read    kB_wrtn
sda               0.00         0.00         0.00          0          0
sdb               0.00         0.00         0.00          0          0

avg-cpu:  %user   %nice %system %iowait  %steal   %idle
          12.50    0.00    0.12    0.00    0.00   87.38

Device:            tps    kB_read/s    kB_wrtn/s    kB_read    kB_wrtn
sda               0.00         0.00         0.00          0          0
sdb               0.00         0.00         0.00          0          0

avg-cpu:  %user   %nice %system %iowait  %steal   %idle
          33.12    0.00   44.75    0.00    0.00   22.12

Device:            tps    kB_read/s    kB_wrtn/s    kB_read    kB_wrtn
sda               0.00         0.00         0.00          0          0
sdb               0.00         0.00         0.00          0          0

avg-cpu:  %user   %nice %system %iowait  %steal   %idle
          77.25    0.00   22.75    0.00    0.00    0.00

Device:            tps    kB_read/s    kB_wrtn/s    kB_read    kB_wrtn
sda               0.00         0.00         0.00          0          0
sdb               2.00         0.00        16.00          0         16

avg-cpu:  %user   %nice %system %iowait  %steal   %idle
          89.26    0.00   10.74    0.00    0.00    0.00

Device:            tps    kB_read/s    kB_wrtn/s    kB_read    kB_wrtn
sda               0.00         0.00         0.00          0          0
sdb               0.00         0.00         0.00          0          0

avg-cpu:  %user   %nice %system %iowait  %steal   %idle
          65.46    0.00    4.51    0.00    0.00   30.04

Device:            tps    kB_read/s    kB_wrtn/s    kB_read    kB_wrtn
sda               0.00         0.00         0.00          0          0
sdb               0.00         0.00         0.00          0          0

avg-cpu:  %user   %nice %system %iowait  %steal   %idle
          10.75    0.00   21.38    0.00    0.00   67.88

Device:            tps    kB_read/s    kB_wrtn/s    kB_read    kB_wrtn
sda               0.00         0.00         0.00          0          0
sdb               0.00         0.00         0.00          0          0

avg-cpu:  %user   %nice %system %iowait  %steal   %idle
          12.25    0.00    2.75    0.00    0.00   85.00

Device:            tps    kB_read/s    kB_wrtn/s    kB_read    kB_wrtn
sda               0.00         0.00         0.00          0          0
sdb               0.00         0.00         0.00          0          0

avg-cpu:  %user   %nice %system %iowait  %steal   %idle
          12.27    0.00    0.50    0.13    0.00   87.11

Device:            tps    kB_read/s    kB_wrtn/s    kB_read    kB_wrtn
sda               0.00         0.00         0.00          0          0
sdb               2.00         0.00        16.00          0         16

avg-cpu:  %user   %nice %system %iowait  %steal   %idle
          12.25    0.00    0.38    0.00    0.00   87.38

Device:            tps    kB_read/s    kB_wrtn/s    kB_read    kB_wrtn
sda               0.00         0.00         0.00          0          0
sdb               0.00         0.00         0.00          0          0

avg-cpu:  %user   %nice %system %iowait  %steal   %idle
          12.25    0.00    0.38    0.00    0.00   87.38

Device:            tps    kB_read/s    kB_wrtn/s    kB_read    kB_wrtn
sda               0.00         0.00         0.00          0          0
sdb               6.00         0.00        44.00          0         44

avg-cpu:  %user   %nice %system %iowait  %steal   %idle
          11.14    0.00    5.38    0.00    0.00   83.48

Device:            tps    kB_read/s    kB_wrtn/s    kB_read    kB_wrtn
sda               0.00         0.00         0.00          0          0
sdb               0.00         0.00         0.00          0          0

avg-cpu:  %user   %nice %system %iowait  %steal   %idle
          59.18    0.00   37.20    0.00    0.00    3.62

Device:            tps    kB_read/s    kB_wrtn/s    kB_read    kB_wrtn
sda               0.00         0.00         0.00          0          0
sdb               0.00         0.00         0.00          0          0

avg-cpu:  %user   %nice %system %iowait  %steal   %idle
          76.38    0.00   23.62    0.00    0.00    0.00

Device:            tps    kB_read/s    kB_wrtn/s    kB_read    kB_wrtn
sda               0.00         0.00         0.00          0          0
sdb               2.00         0.00        32.00          0         32

avg-cpu:  %user   %nice %system %iowait  %steal   %idle
          27.66    0.00    6.26    0.00    0.00   66.08

Device:            tps    kB_read/s    kB_wrtn/s    kB_read    kB_wrtn
sda               0.00         0.00         0.00          0          0
sdb               0.00         0.00         0.00          0          0

avg-cpu:  %user   %nice %system %iowait  %steal   %idle
          10.40    0.00   17.70    0.00    0.00   71.91

Device:            tps    kB_read/s    kB_wrtn/s    kB_read    kB_wrtn
sda               0.00         0.00         0.00          0          0
sdb               4.00         0.00        16.00          0         16

avg-cpu:  %user   %nice %system %iowait  %steal   %idle
          12.27    0.00    4.88    0.00    0.00   82.85

Device:            tps    kB_read/s    kB_wrtn/s    kB_read    kB_wrtn
sda               0.00         0.00         0.00          0          0
sdb               0.00         0.00         0.00          0          0

avg-cpu:  %user   %nice %system %iowait  %steal   %idle
          12.50    0.00    0.12    0.00    0.00   87.38

Device:            tps    kB_read/s    kB_wrtn/s    kB_read    kB_wrtn
sda               0.00         0.00         0.00          0          0
sdb               0.00         0.00         0.00          0          0

avg-cpu:  %user   %nice %system %iowait  %steal   %idle
          12.36    0.00    0.37    0.50    0.00   86.77

Device:            tps    kB_read/s    kB_wrtn/s    kB_read    kB_wrtn
sda               0.00         0.00         0.00          0          0
sdb               2.00         0.00        16.00          0         16

avg-cpu:  %user   %nice %system %iowait  %steal   %idle
          12.52    0.00    0.00    0.00    0.00   87.48

Device:            tps    kB_read/s    kB_wrtn/s    kB_read    kB_wrtn
sda               0.00         0.00         0.00          0          0
sdb               0.00         0.00         0.00          0          0

avg-cpu:  %user   %nice %system %iowait  %steal   %idle
          12.02    0.00   17.27    0.00    0.00   70.71

Device:            tps    kB_read/s    kB_wrtn/s    kB_read    kB_wrtn
sda               0.00         0.00         0.00          0          0
sdb               0.00         0.00         0.00          0          0

avg-cpu:  %user   %nice %system %iowait  %steal   %idle
          48.12    0.00   51.88    0.00    0.00    0.00

Device:            tps    kB_read/s    kB_wrtn/s    kB_read    kB_wrtn
sda               0.00         0.00         0.00          0          0
sdb               0.00         0.00         0.00          0          0

avg-cpu:  %user   %nice %system %iowait  %steal   %idle
          53.12    0.00   46.88    0.00    0.00    0.00

Device:            tps    kB_read/s    kB_wrtn/s    kB_read    kB_wrtn
sda               0.00         0.00         0.00          0          0
sdb               0.00         0.00         0.00          0          0

avg-cpu:  %user   %nice %system %iowait  %steal   %idle
          65.12    0.00   34.88    0.00    0.00    0.00

Device:            tps    kB_read/s    kB_wrtn/s    kB_read    kB_wrtn
sda               0.00         0.00         0.00          0          0
sdb               2.00         0.00        16.00          0         16

avg-cpu:  %user   %nice %system %iowait  %steal   %idle
          98.88    0.00    1.12    0.00    0.00    0.00

Device:            tps    kB_read/s    kB_wrtn/s    kB_read    kB_wrtn
sda               0.00         0.00         0.00          0          0
sdb               0.00         0.00         0.00          0          0

avg-cpu:  %user   %nice %system %iowait  %steal   %idle
          99.25    0.00    0.75    0.00    0.00    0.00

Device:            tps    kB_read/s    kB_wrtn/s    kB_read    kB_wrtn
sda               0.00         0.00         0.00          0          0
sdb               0.00         0.00         0.00          0          0

avg-cpu:  %user   %nice %system %iowait  %steal   %idle
          99.38    0.00    0.62    0.00    0.00    0.00

Device:            tps    kB_read/s    kB_wrtn/s    kB_read    kB_wrtn
sda               0.00         0.00         0.00          0          0
sdb               0.00         0.00         0.00          0          0

avg-cpu:  %user   %nice %system %iowait  %steal   %idle
          94.88    0.00    1.88    0.00    0.00    3.25

Device:            tps    kB_read/s    kB_wrtn/s    kB_read    kB_wrtn
sda               0.00         0.00         0.00          0          0
sdb               0.00         0.00         0.00          0          0

avg-cpu:  %user   %nice %system %iowait  %steal   %idle
          15.00    0.00    1.62    0.25    0.00   83.12

Device:            tps    kB_read/s    kB_wrtn/s    kB_read    kB_wrtn
sda               0.00         0.00         0.00          0          0
sdb               2.00         0.00        16.00          0         16

avg-cpu:  %user   %nice %system %iowait  %steal   %idle
          11.14    0.00    1.38    0.00    0.00   87.48

Device:            tps    kB_read/s    kB_wrtn/s    kB_read    kB_wrtn
sda               0.00         0.00         0.00          0          0
sdb               0.00         0.00         0.00          0          0

avg-cpu:  %user   %nice %system %iowait  %steal   %idle
          11.88    0.00   30.25    0.00    0.00   57.88

Device:            tps    kB_read/s    kB_wrtn/s    kB_read    kB_wrtn
sda               0.00         0.00         0.00          0          0
sdb               0.00         0.00         0.00          0          0

avg-cpu:  %user   %nice %system %iowait  %steal   %idle
          12.25    0.00    0.38    0.00    0.00   87.38

Device:            tps    kB_read/s    kB_wrtn/s    kB_read    kB_wrtn
sda               0.00         0.00         0.00          0          0
sdb               0.00         0.00         0.00          0          0

avg-cpu:  %user   %nice %system %iowait  %steal   %idle
          12.50    0.00    0.00    0.00    0.00   87.50

Device:            tps    kB_read/s    kB_wrtn/s    kB_read    kB_wrtn
sda               0.00         0.00         0.00          0          0
sdb               0.00         0.00         0.00          0          0

avg-cpu:  %user   %nice %system %iowait  %steal   %idle
          12.27    0.00    0.50    0.25    0.00   86.98

Device:            tps    kB_read/s    kB_wrtn/s    kB_read    kB_wrtn
sda               0.00         0.00         0.00          0          0
sdb               2.00         0.00        16.00          0         16

avg-cpu:  %user   %nice %system %iowait  %steal   %idle
          12.50    0.00    0.00    0.00    0.00   87.50

Device:            tps    kB_read/s    kB_wrtn/s    kB_read    kB_wrtn
sda               0.00         0.00         0.00          0          0
sdb               0.00         0.00         0.00          0          0

avg-cpu:  %user   %nice %system %iowait  %steal   %idle
          36.05    0.00   41.93    0.00    0.00   22.03

Device:            tps    kB_read/s    kB_wrtn/s    kB_read    kB_wrtn
sda               0.00         0.00         0.00          0          0
sdb               0.00         0.00         0.00          0          0

avg-cpu:  %user   %nice %system %iowait  %steal   %idle
          79.62    0.00   20.38    0.00    0.00    0.00

Device:            tps    kB_read/s    kB_wrtn/s    kB_read    kB_wrtn
sda               0.00         0.00         0.00          0          0
sdb               0.00         0.00         0.00          0          0

avg-cpu:  %user   %nice %system %iowait  %steal   %idle
          85.73    0.00   14.27    0.00    0.00    0.00

Device:            tps    kB_read/s    kB_wrtn/s    kB_read    kB_wrtn
sda               0.00         0.00         0.00          0          0
sdb               0.00         0.00         0.00          0          0

avg-cpu:  %user   %nice %system %iowait  %steal   %idle
          38.70    0.00    6.99    0.00    0.00   54.31

Device:            tps    kB_read/s    kB_wrtn/s    kB_read    kB_wrtn
sda               0.00         0.00         0.00          0          0
sdb               2.00         0.00        16.00          0         16

avg-cpu:  %user   %nice %system %iowait  %steal   %idle
          10.26    0.00   24.41    0.00    0.00   65.33

Device:            tps    kB_read/s    kB_wrtn/s    kB_read    kB_wrtn
sda               0.00         0.00         0.00          0          0
sdb               0.00         0.00         0.00          0          0

avg-cpu:  %user   %nice %system %iowait  %steal   %idle
          12.12    0.00    0.50    0.00    0.00   87.38

Device:            tps    kB_read/s    kB_wrtn/s    kB_read    kB_wrtn
sda               0.00         0.00         0.00          0          0
sdb               0.00         0.00         0.00          0          0

avg-cpu:  %user   %nice %system %iowait  %steal   %idle
          12.38    0.00    0.25    0.00    0.00   87.38

Device:            tps    kB_read/s    kB_wrtn/s    kB_read    kB_wrtn
sda               0.00         0.00         0.00          0          0
sdb               0.00         0.00         0.00          0          0

avg-cpu:  %user   %nice %system %iowait  %steal   %idle
          12.50    0.00    0.25    0.00    0.00   87.25

Device:            tps    kB_read/s    kB_wrtn/s    kB_read    kB_wrtn
sda               0.00         0.00         0.00          0          0
sdb               0.00         0.00         0.00          0          0

avg-cpu:  %user   %nice %system %iowait  %steal   %idle
          36.88    0.00   48.12    0.00    0.00   15.00

Device:            tps    kB_read/s    kB_wrtn/s    kB_read    kB_wrtn
sda               0.00         0.00         0.00          0          0
sdb               0.00         0.00         0.00          0          0

avg-cpu:  %user   %nice %system %iowait  %steal   %idle
          72.09    0.00   26.03    0.00    0.00    1.88

Device:            tps    kB_read/s    kB_wrtn/s    kB_read    kB_wrtn
sda               0.00         0.00         0.00          0          0
sdb               2.00         0.00        16.00          0         16

avg-cpu:  %user   %nice %system %iowait  %steal   %idle
          10.50    0.00    4.12    0.00    0.00   85.38

Device:            tps    kB_read/s    kB_wrtn/s    kB_read    kB_wrtn
sda               0.00         0.00         0.00          0          0
sdb               5.00         0.00        32.00          0         32

avg-cpu:  %user   %nice %system %iowait  %steal   %idle
          11.25    0.00    1.25    0.00    0.00   87.50

Device:            tps    kB_read/s    kB_wrtn/s    kB_read    kB_wrtn
sda               0.00         0.00         0.00          0          0
sdb               0.00         0.00         0.00          0          0

avg-cpu:  %user   %nice %system %iowait  %steal   %idle
          11.75    0.00   22.62    0.00    0.00   65.62

Device:            tps    kB_read/s    kB_wrtn/s    kB_read    kB_wrtn
sda               0.00         0.00         0.00          0          0
sdb               0.00         0.00         0.00          0          0

avg-cpu:  %user   %nice %system %iowait  %steal   %idle
          12.50    0.00    0.12    0.00    0.00   87.38

Device:            tps    kB_read/s    kB_wrtn/s    kB_read    kB_wrtn
sda               0.00         0.00         0.00          0          0
sdb               0.00         0.00         0.00          0          0

avg-cpu:  %user   %nice %system %iowait  %steal   %idle
          12.38    0.00    0.25    0.38    0.00   87.00

Device:            tps    kB_read/s    kB_wrtn/s    kB_read    kB_wrtn
sda               0.00         0.00         0.00          0          0
sdb               2.00         0.00        32.00          0         32

avg-cpu:  %user   %nice %system %iowait  %steal   %idle
          11.76    0.00   30.66    0.00    0.00   57.57

Device:            tps    kB_read/s    kB_wrtn/s    kB_read    kB_wrtn
sda               0.00         0.00         0.00          0          0
sdb               4.00         0.00        16.00          0         16

avg-cpu:  %user   %nice %system %iowait  %steal   %idle
          61.75    0.00   38.25    0.00    0.00    0.00

Device:            tps    kB_read/s    kB_wrtn/s    kB_read    kB_wrtn
sda               0.00         0.00         0.00          0          0
sdb               0.00         0.00         0.00          0          0

avg-cpu:  %user   %nice %system %iowait  %steal   %idle
          72.88    0.00   27.12    0.00    0.00    0.00

Device:            tps    kB_read/s    kB_wrtn/s    kB_read    kB_wrtn
sda               0.00         0.00         0.00          0          0
sdb               0.00         0.00         0.00          0          0

avg-cpu:  %user   %nice %system %iowait  %steal   %idle
          83.02    0.00   16.98    0.00    0.00    0.00

Device:            tps    kB_read/s    kB_wrtn/s    kB_read    kB_wrtn
sda               0.00         0.00         0.00          0          0
sdb               0.00         0.00         0.00          0          0

avg-cpu:  %user   %nice %system %iowait  %steal   %idle
          91.62    0.00    8.38    0.00    0.00    0.00

Device:            tps    kB_read/s    kB_wrtn/s    kB_read    kB_wrtn
sda               0.00         0.00         0.00          0          0
sdb               2.00         0.00        16.00          0         16

avg-cpu:  %user   %nice %system %iowait  %steal   %idle
          98.87    0.00    1.13    0.00    0.00    0.00

Device:            tps    kB_read/s    kB_wrtn/s    kB_read    kB_wrtn
sda               0.00         0.00         0.00          0          0
sdb               0.00         0.00         0.00          0          0

avg-cpu:  %user   %nice %system %iowait  %steal   %idle
          97.75    0.00    2.25    0.00    0.00    0.00

Device:            tps    kB_read/s    kB_wrtn/s    kB_read    kB_wrtn
sda               0.00         0.00         0.00          0          0
sdb               0.00         0.00         0.00          0          0

avg-cpu:  %user   %nice %system %iowait  %steal   %idle
          99.25    0.00    0.75    0.00    0.00    0.00

Device:            tps    kB_read/s    kB_wrtn/s    kB_read    kB_wrtn
sda               0.00         0.00         0.00          0          0
sdb               0.00         0.00         0.00          0          0

avg-cpu:  %user   %nice %system %iowait  %steal   %idle
          99.25    0.00    0.75    0.00    0.00    0.00

Device:            tps    kB_read/s    kB_wrtn/s    kB_read    kB_wrtn
sda               0.00         0.00         0.00          0          0
sdb               0.00         0.00         0.00          0          0

avg-cpu:  %user   %nice %system %iowait  %steal   %idle
          99.25    0.00    0.75    0.00    0.00    0.00

Device:            tps    kB_read/s    kB_wrtn/s    kB_read    kB_wrtn
sda               0.00         0.00         0.00          0          0
sdb               2.00         0.00        16.00          0         16

avg-cpu:  %user   %nice %system %iowait  %steal   %idle
          99.13    0.00    0.87    0.00    0.00    0.00

Device:            tps    kB_read/s    kB_wrtn/s    kB_read    kB_wrtn
sda               0.00         0.00         0.00          0          0
sdb               0.00         0.00         0.00          0          0

avg-cpu:  %user   %nice %system %iowait  %steal   %idle
          99.37    0.00    0.63    0.00    0.00    0.00

Device:            tps    kB_read/s    kB_wrtn/s    kB_read    kB_wrtn
sda               0.00         0.00         0.00          0          0
sdb               0.00         0.00         0.00          0          0

avg-cpu:  %user   %nice %system %iowait  %steal   %idle
          99.38    0.00    0.62    0.00    0.00    0.00

Device:            tps    kB_read/s    kB_wrtn/s    kB_read    kB_wrtn
sda               0.00         0.00         0.00          0          0
sdb               0.00         0.00         0.00          0          0

avg-cpu:  %user   %nice %system %iowait  %steal   %idle
          99.12    0.00    0.88    0.00    0.00    0.00

Device:            tps    kB_read/s    kB_wrtn/s    kB_read    kB_wrtn
sda               0.00         0.00         0.00          0          0
sdb               0.00         0.00         0.00          0          0

avg-cpu:  %user   %nice %system %iowait  %steal   %idle
          99.38    0.00    0.62    0.00    0.00    0.00

Device:            tps    kB_read/s    kB_wrtn/s    kB_read    kB_wrtn
sda               0.00         0.00         0.00          0          0
sdb               0.00         0.00         0.00          0          0

avg-cpu:  %user   %nice %system %iowait  %steal   %idle
          99.12    0.00    0.88    0.00    0.00    0.00

Device:            tps    kB_read/s    kB_wrtn/s    kB_read    kB_wrtn
sda               0.00         0.00         0.00          0          0
sdb               2.00         0.00        16.00          0         16

avg-cpu:  %user   %nice %system %iowait  %steal   %idle
          99.25    0.00    0.75    0.00    0.00    0.00

Device:            tps    kB_read/s    kB_wrtn/s    kB_read    kB_wrtn
sda               0.00         0.00         0.00          0          0
sdb               0.00         0.00         0.00          0          0

avg-cpu:  %user   %nice %system %iowait  %steal   %idle
          99.25    0.00    0.75    0.00    0.00    0.00

Device:            tps    kB_read/s    kB_wrtn/s    kB_read    kB_wrtn
sda               0.00         0.00         0.00          0          0
sdb               0.00         0.00         0.00          0          0

avg-cpu:  %user   %nice %system %iowait  %steal   %idle
          99.25    0.00    0.75    0.00    0.00    0.00

Device:            tps    kB_read/s    kB_wrtn/s    kB_read    kB_wrtn
sda               0.00         0.00         0.00          0          0
sdb               0.00         0.00         0.00          0          0

avg-cpu:  %user   %nice %system %iowait  %steal   %idle
          98.38    0.00    1.62    0.00    0.00    0.00

Device:            tps    kB_read/s    kB_wrtn/s    kB_read    kB_wrtn
sda               4.00         0.00        24.00          0         24
sdb               0.00         0.00         0.00          0          0

avg-cpu:  %user   %nice %system %iowait  %steal   %idle
          99.50    0.00    0.50    0.00    0.00    0.00

Device:            tps    kB_read/s    kB_wrtn/s    kB_read    kB_wrtn
sda               0.00         0.00         0.00          0          0
sdb               2.00         0.00        16.00          0         16

avg-cpu:  %user   %nice %system %iowait  %steal   %idle
          99.12    0.00    0.88    0.00    0.00    0.00

Device:            tps    kB_read/s    kB_wrtn/s    kB_read    kB_wrtn
sda               0.00         0.00         0.00          0          0
sdb               0.00         0.00         0.00          0          0

avg-cpu:  %user   %nice %system %iowait  %steal   %idle
          98.75    0.00    1.25    0.00    0.00    0.00

Device:            tps    kB_read/s    kB_wrtn/s    kB_read    kB_wrtn
sda               0.00         0.00         0.00          0          0
sdb               0.00         0.00         0.00          0          0

avg-cpu:  %user   %nice %system %iowait  %steal   %idle
          67.62    0.00    9.25    0.00    0.00   23.12

Device:            tps    kB_read/s    kB_wrtn/s    kB_read    kB_wrtn
sda               0.00         0.00         0.00          0          0
sdb               0.00         0.00         0.00          0          0

avg-cpu:  %user   %nice %system %iowait  %steal   %idle
          19.65    0.00    5.76    0.13    0.00   74.47

Device:            tps    kB_read/s    kB_wrtn/s    kB_read    kB_wrtn
sda               2.00         0.00        24.00          0         24
sdb               0.00         0.00         0.00          0          0

avg-cpu:  %user   %nice %system %iowait  %steal   %idle
          12.23    0.00    4.74    0.37    0.00   82.65

Device:            tps    kB_read/s    kB_wrtn/s    kB_read    kB_wrtn
sda               0.00         0.00         0.00          0          0
sdb               2.00         0.00        16.00          0         16

avg-cpu:  %user   %nice %system %iowait  %steal   %idle
          12.50    0.00    0.25    0.00    0.00   87.25

Device:            tps    kB_read/s    kB_wrtn/s    kB_read    kB_wrtn
sda               0.00         0.00         0.00          0          0
sdb               2.00         0.00        12.00          0         12

avg-cpu:  %user   %nice %system %iowait  %steal   %idle
          12.25    0.00    0.25    0.00    0.00   87.50

Device:            tps    kB_read/s    kB_wrtn/s    kB_read    kB_wrtn
sda               0.00         0.00         0.00          0          0
sdb               0.00         0.00         0.00          0          0

avg-cpu:  %user   %nice %system %iowait  %steal   %idle
          12.27    0.00    0.25    0.00    0.00   87.48

Device:            tps    kB_read/s    kB_wrtn/s    kB_read    kB_wrtn
sda               0.00         0.00         0.00          0          0
sdb               0.00         0.00         0.00          0          0

avg-cpu:  %user   %nice %system %iowait  %steal   %idle
          12.48    0.00    0.12    0.00    0.00   87.39

Device:            tps    kB_read/s    kB_wrtn/s    kB_read    kB_wrtn
sda               0.00         0.00         0.00          0          0
sdb               0.00         0.00         0.00          0          0

avg-cpu:  %user   %nice %system %iowait  %steal   %idle
          12.39    0.00    0.13    0.25    0.00   87.23

Device:            tps    kB_read/s    kB_wrtn/s    kB_read    kB_wrtn
sda               0.00         0.00         0.00          0          0
sdb               2.00         0.00        28.00          0         28

avg-cpu:  %user   %nice %system %iowait  %steal   %idle
          12.50    0.00    0.12    0.00    0.00   87.38

Device:            tps    kB_read/s    kB_wrtn/s    kB_read    kB_wrtn
sda               0.00         0.00         0.00          0          0
sdb               3.00         0.00        16.00          0         16

avg-cpu:  %user   %nice %system %iowait  %steal   %idle
          12.39    0.00    0.00    0.00    0.00   87.61

Device:            tps    kB_read/s    kB_wrtn/s    kB_read    kB_wrtn
sda               0.00         0.00         0.00          0          0
sdb               0.00         0.00         0.00          0          0

avg-cpu:  %user   %nice %system %iowait  %steal   %idle
          12.39    0.00    0.13    0.00    0.00   87.48

Device:            tps    kB_read/s    kB_wrtn/s    kB_read    kB_wrtn
sda               2.00         0.00        24.00          0         24
sdb               0.00         0.00         0.00          0          0

avg-cpu:  %user   %nice %system %iowait  %steal   %idle
          12.50    0.00    0.12    0.00    0.00   87.38

Device:            tps    kB_read/s    kB_wrtn/s    kB_read    kB_wrtn
sda               0.00         0.00         0.00          0          0
sdb               0.00         0.00         0.00          0          0

avg-cpu:  %user   %nice %system %iowait  %steal   %idle
          12.50    0.00    0.12    0.00    0.00   87.38

Device:            tps    kB_read/s    kB_wrtn/s    kB_read    kB_wrtn
sda               0.00         0.00         0.00          0          0
sdb               0.00         0.00         0.00          0          0

avg-cpu:  %user   %nice %system %iowait  %steal   %idle
          12.39    0.00    0.00    0.38    0.00   87.23

Device:            tps    kB_read/s    kB_wrtn/s    kB_read    kB_wrtn
sda               0.00         0.00         0.00          0          0
sdb               8.00         0.00        48.00          0         48

avg-cpu:  %user   %nice %system %iowait  %steal   %idle
          12.47    0.00    0.37    0.00    0.00   87.16

Device:            tps    kB_read/s    kB_wrtn/s    kB_read    kB_wrtn
sda               0.00         0.00         0.00          0          0
sdb               0.00         0.00         0.00          0          0

avg-cpu:  %user   %nice %system %iowait  %steal   %idle
          12.50    0.00    0.00    0.12    0.00   87.38

Device:            tps    kB_read/s    kB_wrtn/s    kB_read    kB_wrtn
sda               2.00         0.00        12.00          0         12
sdb               0.00         0.00         0.00          0          0

avg-cpu:  %user   %nice %system %iowait  %steal   %idle
          12.39    0.00    0.00    0.00    0.00   87.61

Device:            tps    kB_read/s    kB_wrtn/s    kB_read    kB_wrtn
sda               0.00         0.00         0.00          0          0
sdb               0.00         0.00         0.00          0          0

avg-cpu:  %user   %nice %system %iowait  %steal   %idle
          12.48    0.00    0.25    0.00    0.00   87.27

Device:            tps    kB_read/s    kB_wrtn/s    kB_read    kB_wrtn
sda               0.00         0.00         0.00          0          0
sdb               0.00         0.00         0.00          0          0

avg-cpu:  %user   %nice %system %iowait  %steal   %idle
          12.52    0.00    0.00    0.25    0.00   87.23

Device:            tps    kB_read/s    kB_wrtn/s    kB_read    kB_wrtn
sda               0.00         0.00         0.00          0          0
sdb               2.00         0.00        12.00          0         12

avg-cpu:  %user   %nice %system %iowait  %steal   %idle
          12.50    0.00    0.00    0.00    0.00   87.50

Device:            tps    kB_read/s    kB_wrtn/s    kB_read    kB_wrtn
sda               0.00         0.00         0.00          0          0
sdb               0.00         0.00         0.00          0          0

avg-cpu:  %user   %nice %system %iowait  %steal   %idle
          12.38    0.00    0.25    0.12    0.00   87.25

Device:            tps    kB_read/s    kB_wrtn/s    kB_read    kB_wrtn
sda               2.00         0.00        12.00          0         12
sdb               0.00         0.00         0.00          0          0

avg-cpu:  %user   %nice %system %iowait  %steal   %idle
          12.48    0.00    0.12    0.00    0.00   87.39

Device:            tps    kB_read/s    kB_wrtn/s    kB_read    kB_wrtn
sda               0.00         0.00         0.00          0          0
sdb               0.00         0.00         0.00          0          0

avg-cpu:  %user   %nice %system %iowait  %steal   %idle
          12.41    0.00    0.00    0.00    0.00   87.59

Device:            tps    kB_read/s    kB_wrtn/s    kB_read    kB_wrtn
sda               0.00         0.00         0.00          0          0
sdb               0.00         0.00         0.00          0          0

avg-cpu:  %user   %nice %system %iowait  %steal   %idle
          12.50    0.00    0.12    0.25    0.00   87.12

Device:            tps    kB_read/s    kB_wrtn/s    kB_read    kB_wrtn
sda               0.00         0.00         0.00          0          0
sdb               2.00         0.00        12.00          0         12

avg-cpu:  %user   %nice %system %iowait  %steal   %idle
          12.48    0.00    0.12    0.00    0.00   87.39

Device:            tps    kB_read/s    kB_wrtn/s    kB_read    kB_wrtn
sda               0.00         0.00         0.00          0          0
sdb               0.00         0.00         0.00          0          0

avg-cpu:  %user   %nice %system %iowait  %steal   %idle
          12.39    0.00    0.00    0.25    0.00   87.36

Device:            tps    kB_read/s    kB_wrtn/s    kB_read    kB_wrtn
sda               2.00         0.00        12.00          0         12
sdb               0.00         0.00         0.00          0          0

avg-cpu:  %user   %nice %system %iowait  %steal   %idle
          12.45    0.00    0.37    0.00    0.00   87.17

Device:            tps    kB_read/s    kB_wrtn/s    kB_read    kB_wrtn
sda              60.00         0.00       276.00          0        276
sdb               0.00         0.00         0.00          0          0

avg-cpu:  %user   %nice %system %iowait  %steal   %idle
          12.41    0.00    0.00    0.00    0.00   87.59

Device:            tps    kB_read/s    kB_wrtn/s    kB_read    kB_wrtn
sda               0.00         0.00         0.00          0          0
sdb               0.00         0.00         0.00          0          0

avg-cpu:  %user   %nice %system %iowait  %steal   %idle
          12.50    0.00    0.12    0.25    0.00   87.12

Device:            tps    kB_read/s    kB_wrtn/s    kB_read    kB_wrtn
sda               0.00         0.00         0.00          0          0
sdb               2.00         0.00        12.00          0         12

avg-cpu:  %user   %nice %system %iowait  %steal   %idle
          12.38    0.00    0.12    0.00    0.00   87.50

Device:            tps    kB_read/s    kB_wrtn/s    kB_read    kB_wrtn
sda               0.00         0.00         0.00          0          0
sdb               0.00         0.00         0.00          0          0

avg-cpu:  %user   %nice %system %iowait  %steal   %idle
          12.50    0.00    0.00    0.25    0.00   87.25

Device:            tps    kB_read/s    kB_wrtn/s    kB_read    kB_wrtn
sda               2.00         0.00        12.00          0         12
sdb               0.00         0.00         0.00          0          0

avg-cpu:  %user   %nice %system %iowait  %steal   %idle
          12.52    0.00    0.13    0.13    0.00   87.23

Device:            tps    kB_read/s    kB_wrtn/s    kB_read    kB_wrtn
sda               2.00         0.00        44.00          0         44
sdb               0.00         0.00         0.00          0          0

avg-cpu:  %user   %nice %system %iowait  %steal   %idle
          12.39    0.00    0.13    0.00    0.00   87.48

Device:            tps    kB_read/s    kB_wrtn/s    kB_read    kB_wrtn
sda               0.00         0.00         0.00          0          0
sdb               0.00         0.00         0.00          0          0

avg-cpu:  %user   %nice %system %iowait  %steal   %idle
          12.50    0.00    0.00    0.00    0.00   87.50

Device:            tps    kB_read/s    kB_wrtn/s    kB_read    kB_wrtn
sda               0.00         0.00         0.00          0          0
sdb               0.00         0.00         0.00          0          0

avg-cpu:  %user   %nice %system %iowait  %steal   %idle
          12.48    0.00    0.12    0.37    0.00   87.02

Device:            tps    kB_read/s    kB_wrtn/s    kB_read    kB_wrtn
sda               0.00         0.00         0.00          0          0
sdb               2.00         0.00        12.00          0         12

avg-cpu:  %user   %nice %system %iowait  %steal   %idle
          12.38    0.00    0.12    0.00    0.00   87.50

Device:            tps    kB_read/s    kB_wrtn/s    kB_read    kB_wrtn
sda               0.00         0.00         0.00          0          0
sdb               0.00         0.00         0.00          0          0

avg-cpu:  %user   %nice %system %iowait  %steal   %idle
          12.39    0.00    0.25    0.00    0.00   87.36

Device:            tps    kB_read/s    kB_wrtn/s    kB_read    kB_wrtn
sda              17.00         0.00      7332.00          0       7332
sdb               0.00         0.00         0.00          0          0

avg-cpu:  %user   %nice %system %iowait  %steal   %idle
          12.48    0.00    0.12    0.00    0.00   87.39

Device:            tps    kB_read/s    kB_wrtn/s    kB_read    kB_wrtn
sda               0.00         0.00         0.00          0          0
sdb               0.00         0.00         0.00          0          0

avg-cpu:  %user   %nice %system %iowait  %steal   %idle
          12.39    0.00    0.13    0.00    0.00   87.48

Device:            tps    kB_read/s    kB_wrtn/s    kB_read    kB_wrtn
sda               0.00         0.00         0.00          0          0
sdb               4.00         0.00        24.00          0         24

avg-cpu:  %user   %nice %system %iowait  %steal   %idle
          12.48    0.00    0.12    0.37    0.00   87.02

Device:            tps    kB_read/s    kB_wrtn/s    kB_read    kB_wrtn
sda               0.00         0.00         0.00          0          0
sdb               2.00         0.00        36.00          0         36

avg-cpu:  %user   %nice %system %iowait  %steal   %idle
          12.41    0.00    0.00    0.00    0.00   87.59

Device:            tps    kB_read/s    kB_wrtn/s    kB_read    kB_wrtn
sda               0.00         0.00         0.00          0          0
sdb               0.00         0.00         0.00          0          0

avg-cpu:  %user   %nice %system %iowait  %steal   %idle
          12.48    0.00    0.25    0.12    0.00   87.14

Device:            tps    kB_read/s    kB_wrtn/s    kB_read    kB_wrtn
sda               5.00         0.00        36.00          0         36
sdb               0.00         0.00         0.00          0          0

avg-cpu:  %user   %nice %system %iowait  %steal   %idle
          12.50    0.00    0.00    0.00    0.00   87.50

Device:            tps    kB_read/s    kB_wrtn/s    kB_read    kB_wrtn
sda               0.00         0.00         0.00          0          0
sdb               0.00         0.00         0.00          0          0

avg-cpu:  %user   %nice %system %iowait  %steal   %idle
          12.39    0.00    0.00    0.00    0.00   87.61

Device:            tps    kB_read/s    kB_wrtn/s    kB_read    kB_wrtn
sda               0.00         0.00         0.00          0          0
sdb               0.00         0.00         0.00          0          0

avg-cpu:  %user   %nice %system %iowait  %steal   %idle
          12.50    0.00    0.12    0.00    0.00   87.38

Device:            tps    kB_read/s    kB_wrtn/s    kB_read    kB_wrtn
sda               0.00         0.00         0.00          0          0
sdb               0.00         0.00         0.00          0          0

avg-cpu:  %user   %nice %system %iowait  %steal   %idle
          12.50    0.00    0.00    0.38    0.00   87.12

Device:            tps    kB_read/s    kB_wrtn/s    kB_read    kB_wrtn
sda               0.00         0.00         0.00          0          0
sdb               2.00         0.00        12.00          0         12

avg-cpu:  %user   %nice %system %iowait  %steal   %idle
          12.39    0.00    0.13    0.00    0.00   87.48

Device:            tps    kB_read/s    kB_wrtn/s    kB_read    kB_wrtn
sda               2.00         0.00        12.00          0         12
sdb               0.00         0.00         0.00          0          0

avg-cpu:  %user   %nice %system %iowait  %steal   %idle
          12.48    0.00    0.25    0.00    0.00   87.27

Device:            tps    kB_read/s    kB_wrtn/s    kB_read    kB_wrtn
sda               0.00         0.00         0.00          0          0
sdb               0.00         0.00         0.00          0          0

avg-cpu:  %user   %nice %system %iowait  %steal   %idle
          12.50    0.00    0.00    0.00    0.00   87.50

Device:            tps    kB_read/s    kB_wrtn/s    kB_read    kB_wrtn
sda               0.00         0.00         0.00          0          0
sdb               5.00         0.00        24.00          0         24

avg-cpu:  %user   %nice %system %iowait  %steal   %idle
          12.50    0.00    0.12    0.00    0.00   87.38

Device:            tps    kB_read/s    kB_wrtn/s    kB_read    kB_wrtn
sda               0.00         0.00         0.00          0          0
sdb               0.00         0.00         0.00          0          0

avg-cpu:  %user   %nice %system %iowait  %steal   %idle
          12.38    0.00    0.12    0.38    0.00   87.12

Device:            tps    kB_read/s    kB_wrtn/s    kB_read    kB_wrtn
sda               0.00         0.00         0.00          0          0
sdb               2.00         0.00        12.00          0         12

avg-cpu:  %user   %nice %system %iowait  %steal   %idle
          12.50    0.00    0.12    0.00    0.00   87.38

Device:            tps    kB_read/s    kB_wrtn/s    kB_read    kB_wrtn
sda               2.00         0.00        12.00          0         12
sdb               0.00         0.00         0.00          0          0

avg-cpu:  %user   %nice %system %iowait  %steal   %idle
          12.50    0.00    0.12    0.00    0.00   87.38

Device:            tps    kB_read/s    kB_wrtn/s    kB_read    kB_wrtn
sda               0.00         0.00         0.00          0          0
sdb               0.00         0.00         0.00          0          0

avg-cpu:  %user   %nice %system %iowait  %steal   %idle
          12.50    0.00    0.12    0.00    0.00   87.38

Device:            tps    kB_read/s    kB_wrtn/s    kB_read    kB_wrtn
sda               0.00         0.00         0.00          0          0
sdb               0.00         0.00         0.00          0          0

avg-cpu:  %user   %nice %system %iowait  %steal   %idle
          12.50    0.00    0.00    0.00    0.00   87.50

Device:            tps    kB_read/s    kB_wrtn/s    kB_read    kB_wrtn
sda               0.00         0.00         0.00          0          0
sdb               0.00         0.00         0.00          0          0

avg-cpu:  %user   %nice %system %iowait  %steal   %idle
          12.50    0.00    0.00    0.38    0.00   87.12

Device:            tps    kB_read/s    kB_wrtn/s    kB_read    kB_wrtn
sda               0.00         0.00         0.00          0          0
sdb               2.00         0.00        12.00          0         12

avg-cpu:  %user   %nice %system %iowait  %steal   %idle
          12.89    0.00    1.25    1.50    0.00   84.36

Device:            tps    kB_read/s    kB_wrtn/s    kB_read    kB_wrtn
sda              96.00       708.00      3696.00        708       3696
sdb               0.00         0.00         0.00          0          0

avg-cpu:  %user   %nice %system %iowait  %steal   %idle
          12.50    0.00    0.00    0.00    0.00   87.50

Device:            tps    kB_read/s    kB_wrtn/s    kB_read    kB_wrtn
sda               0.00         0.00         0.00          0          0
sdb               0.00         0.00         0.00          0          0

avg-cpu:  %user   %nice %system %iowait  %steal   %idle
          12.50    0.00    0.12    0.00    0.00   87.38

Device:            tps    kB_read/s    kB_wrtn/s    kB_read    kB_wrtn
sda               0.00         0.00         0.00          0          0
sdb               0.00         0.00         0.00          0          0

avg-cpu:  %user   %nice %system %iowait  %steal   %idle
          12.39    0.00    0.13    0.00    0.00   87.48

Device:            tps    kB_read/s    kB_wrtn/s    kB_read    kB_wrtn
sda               0.00         0.00         0.00          0          0
sdb               0.00         0.00         0.00          0          0

avg-cpu:  %user   %nice %system %iowait  %steal   %idle
          12.50    0.00    0.00    0.00    0.00   87.50

Device:            tps    kB_read/s    kB_wrtn/s    kB_read    kB_wrtn
sda               0.00         0.00         0.00          0          0
sdb               0.00         0.00         0.00          0          0

avg-cpu:  %user   %nice %system %iowait  %steal   %idle
          12.39    0.00    0.13    0.50    0.00   86.98

Device:            tps    kB_read/s    kB_wrtn/s    kB_read    kB_wrtn
sda               4.00         0.00        36.00          0         36
sdb               2.00         0.00        12.00          0         12

avg-cpu:  %user   %nice %system %iowait  %steal   %idle
          12.48    0.00    0.25    0.00    0.00   87.27

Device:            tps    kB_read/s    kB_wrtn/s    kB_read    kB_wrtn
sda               0.00         0.00         0.00          0          0
sdb               0.00         0.00         0.00          0          0

avg-cpu:  %user   %nice %system %iowait  %steal   %idle
          12.50    0.00    0.12    0.00    0.00   87.38

Device:            tps    kB_read/s    kB_wrtn/s    kB_read    kB_wrtn
sda               0.00         0.00         0.00          0          0
sdb               0.00         0.00         0.00          0          0

avg-cpu:  %user   %nice %system %iowait  %steal   %idle
          12.50    0.00    0.00    0.00    0.00   87.50

Device:            tps    kB_read/s    kB_wrtn/s    kB_read    kB_wrtn
sda               0.00         0.00         0.00          0          0
sdb               0.00         0.00         0.00          0          0

avg-cpu:  %user   %nice %system %iowait  %steal   %idle
          12.52    0.00    0.00    0.00    0.00   87.48

Device:            tps    kB_read/s    kB_wrtn/s    kB_read    kB_wrtn
sda               0.00         0.00         0.00          0          0
sdb               0.00         0.00         0.00          0          0

avg-cpu:  %user   %nice %system %iowait  %steal   %idle
          12.48    0.00    0.12    0.25    0.00   87.14

Device:            tps    kB_read/s    kB_wrtn/s    kB_read    kB_wrtn
sda               2.00         0.00        12.00          0         12
sdb               2.00         0.00        12.00          0         12

avg-cpu:  %user   %nice %system %iowait  %steal   %idle
          12.41    0.00    0.00    0.00    0.00   87.59

Device:            tps    kB_read/s    kB_wrtn/s    kB_read    kB_wrtn
sda               0.00         0.00         0.00          0          0
sdb               0.00         0.00         0.00          0          0

avg-cpu:  %user   %nice %system %iowait  %steal   %idle
          12.52    0.00    0.00    0.00    0.00   87.48

Device:            tps    kB_read/s    kB_wrtn/s    kB_read    kB_wrtn
sda               0.00         0.00         0.00          0          0
sdb               0.00         0.00         0.00          0          0

avg-cpu:  %user   %nice %system %iowait  %steal   %idle
          12.48    0.00    0.12    0.00    0.00   87.39

Device:            tps    kB_read/s    kB_wrtn/s    kB_read    kB_wrtn
sda               0.00         0.00         0.00          0          0
sdb               0.00         0.00         0.00          0          0

avg-cpu:  %user   %nice %system %iowait  %steal   %idle
          10.68    0.00    8.54    0.00    0.00   80.78

Device:            tps    kB_read/s    kB_wrtn/s    kB_read    kB_wrtn
sda               5.00         0.00      2416.00          0       2416
sdb               0.00         0.00         0.00          0          0

avg-cpu:  %user   %nice %system %iowait  %steal   %idle
          47.38    0.00   50.00    0.00    0.00    2.62

Device:            tps    kB_read/s    kB_wrtn/s    kB_read    kB_wrtn
sda               0.00         0.00         0.00          0          0
sdb               0.00         0.00         0.00          0          0

avg-cpu:  %user   %nice %system %iowait  %steal   %idle
          53.06    0.00   46.94    0.00    0.00    0.00

Device:            tps    kB_read/s    kB_wrtn/s    kB_read    kB_wrtn
sda               2.00         0.00        20.00          0         20
sdb               2.00         0.00        16.00          0         16

avg-cpu:  %user   %nice %system %iowait  %steal   %idle
          75.16    0.00   24.84    0.00    0.00    0.00

Device:            tps    kB_read/s    kB_wrtn/s    kB_read    kB_wrtn
sda               0.00         0.00         0.00          0          0
sdb               2.00         0.00        24.00          0         24

avg-cpu:  %user   %nice %system %iowait  %steal   %idle
          95.61    0.00    4.39    0.00    0.00    0.00

Device:            tps    kB_read/s    kB_wrtn/s    kB_read    kB_wrtn
sda               0.00         0.00         0.00          0          0
sdb               0.00         0.00         0.00          0          0

avg-cpu:  %user   %nice %system %iowait  %steal   %idle
          95.24    0.00    4.76    0.00    0.00    0.00

Device:            tps    kB_read/s    kB_wrtn/s    kB_read    kB_wrtn
sda               0.00         0.00         0.00          0          0
sdb               0.00         0.00         0.00          0          0

avg-cpu:  %user   %nice %system %iowait  %steal   %idle
          99.13    0.00    0.87    0.00    0.00    0.00

Device:            tps    kB_read/s    kB_wrtn/s    kB_read    kB_wrtn
sda               0.00         0.00         0.00          0          0
sdb               0.00         0.00         0.00          0          0

avg-cpu:  %user   %nice %system %iowait  %steal   %idle
          98.88    0.00    1.12    0.00    0.00    0.00

Device:            tps    kB_read/s    kB_wrtn/s    kB_read    kB_wrtn
sda               0.00         0.00         0.00          0          0
sdb               2.00         0.00        40.00          0         40

avg-cpu:  %user   %nice %system %iowait  %steal   %idle
          99.12    0.00    0.88    0.00    0.00    0.00

Device:            tps    kB_read/s    kB_wrtn/s    kB_read    kB_wrtn
sda               0.00         0.00         0.00          0          0
sdb               0.00         0.00         0.00          0          0

avg-cpu:  %user   %nice %system %iowait  %steal   %idle
          84.27    0.00    4.12    0.00    0.00   11.61

Device:            tps    kB_read/s    kB_wrtn/s    kB_read    kB_wrtn
sda               0.00         0.00         0.00          0          0
sdb               0.00         0.00         0.00          0          0

avg-cpu:  %user   %nice %system %iowait  %steal   %idle
          11.40    0.00    5.76    0.00    0.00   82.83

Device:            tps    kB_read/s    kB_wrtn/s    kB_read    kB_wrtn
sda               0.00         0.00         0.00          0          0
sdb               0.00         0.00         0.00          0          0

avg-cpu:  %user   %nice %system %iowait  %steal   %idle
          12.11    0.00   17.60    0.00    0.00   70.29

Device:            tps    kB_read/s    kB_wrtn/s    kB_read    kB_wrtn
sda               0.00         0.00         0.00          0          0
sdb               0.00         0.00         0.00          0          0

avg-cpu:  %user   %nice %system %iowait  %steal   %idle
          12.38    0.00    0.25    0.25    0.00   87.12

Device:            tps    kB_read/s    kB_wrtn/s    kB_read    kB_wrtn
sda               0.00         0.00         0.00          0          0
sdb               2.00         0.00        16.00          0         16

avg-cpu:  %user   %nice %system %iowait  %steal   %idle
          12.02    0.00    0.63    0.00    0.00   87.36

Device:            tps    kB_read/s    kB_wrtn/s    kB_read    kB_wrtn
sda               0.00         0.00         0.00          0          0
sdb               5.00         0.00        24.00          0         24

avg-cpu:  %user   %nice %system %iowait  %steal   %idle
          12.25    0.00    0.25    0.00    0.00   87.50

Device:            tps    kB_read/s    kB_wrtn/s    kB_read    kB_wrtn
sda               0.00         0.00         0.00          0          0
sdb               0.00         0.00         0.00          0          0

avg-cpu:  %user   %nice %system %iowait  %steal   %idle
          12.50    0.00    0.12    0.00    0.00   87.38

Device:            tps    kB_read/s    kB_wrtn/s    kB_read    kB_wrtn
sda               0.00         0.00         0.00          0          0
sdb               0.00         0.00         0.00          0          0

avg-cpu:  %user   %nice %system %iowait  %steal   %idle
          12.50    0.00    0.12    0.00    0.00   87.38

Device:            tps    kB_read/s    kB_wrtn/s    kB_read    kB_wrtn
sda              35.00         0.00       152.00          0        152
sdb               0.00         0.00         0.00          0          0

avg-cpu:  %user   %nice %system %iowait  %steal   %idle
          12.38    0.00    0.25    0.25    0.00   87.12

Device:            tps    kB_read/s    kB_wrtn/s    kB_read    kB_wrtn
sda               0.00         0.00         0.00          0          0
sdb               2.00         0.00        16.00          0         16

avg-cpu:  %user   %nice %system %iowait  %steal   %idle
          12.00    0.00    0.62    0.00    0.00   87.38

Device:            tps    kB_read/s    kB_wrtn/s    kB_read    kB_wrtn
sda               0.00         0.00         0.00          0          0
sdb               0.00         0.00         0.00          0          0

avg-cpu:  %user   %nice %system %iowait  %steal   %idle
          12.36    0.00    0.50    0.00    0.00   87.14

Device:            tps    kB_read/s    kB_wrtn/s    kB_read    kB_wrtn
sda               0.00         0.00         0.00          0          0
sdb               0.00         0.00         0.00          0          0

avg-cpu:  %user   %nice %system %iowait  %steal   %idle
          12.27    0.00    0.25    0.00    0.00   87.48

Device:            tps    kB_read/s    kB_wrtn/s    kB_read    kB_wrtn
sda               0.00         0.00         0.00          0          0
sdb               0.00         0.00         0.00          0          0

avg-cpu:  %user   %nice %system %iowait  %steal   %idle
          12.39    0.00    0.13    0.13    0.00   87.36

Device:            tps    kB_read/s    kB_wrtn/s    kB_read    kB_wrtn
sda               2.00         0.00        12.00          0         12
sdb               0.00         0.00         0.00          0          0

avg-cpu:  %user   %nice %system %iowait  %steal   %idle
          11.99    0.00    0.87    0.25    0.00   86.89

Device:            tps    kB_read/s    kB_wrtn/s    kB_read    kB_wrtn
sda               0.00         0.00         0.00          0          0
sdb               2.00         0.00        16.00          0         16

avg-cpu:  %user   %nice %system %iowait  %steal   %idle
          12.27    0.00    0.25    0.00    0.00   87.48

Device:            tps    kB_read/s    kB_wrtn/s    kB_read    kB_wrtn
sda               0.00         0.00         0.00          0          0
sdb               0.00         0.00         0.00          0          0

avg-cpu:  %user   %nice %system %iowait  %steal   %idle
          12.38    0.00    0.25    0.00    0.00   87.38

Device:            tps    kB_read/s    kB_wrtn/s    kB_read    kB_wrtn
sda               0.00         0.00         0.00          0          0
sdb               0.00         0.00         0.00          0          0

avg-cpu:  %user   %nice %system %iowait  %steal   %idle
          12.36    0.00    0.25    0.00    0.00   87.39

Device:            tps    kB_read/s    kB_wrtn/s    kB_read    kB_wrtn
sda               0.00         0.00         0.00          0          0
sdb               0.00         0.00         0.00          0          0

avg-cpu:  %user   %nice %system %iowait  %steal   %idle
          12.41    0.00    0.00    0.00    0.00   87.59

Device:            tps    kB_read/s    kB_wrtn/s    kB_read    kB_wrtn
sda               2.00         0.00       496.00          0        496
sdb               0.00         0.00         0.00          0          0

avg-cpu:  %user   %nice %system %iowait  %steal   %idle
          12.48    0.00    0.12    0.00    0.00   87.39

Device:            tps    kB_read/s    kB_wrtn/s    kB_read    kB_wrtn
sda               0.00         0.00         0.00          0          0
sdb               0.00         0.00         0.00          0          0

avg-cpu:  %user   %nice %system %iowait  %steal   %idle
          12.38    0.00    0.25    0.38    0.00   87.00

Device:            tps    kB_read/s    kB_wrtn/s    kB_read    kB_wrtn
sda               2.00         0.00        28.00          0         28
sdb               2.00         0.00        16.00          0         16

avg-cpu:  %user   %nice %system %iowait  %steal   %idle
          12.48    0.00    0.12    0.00    0.00   87.39

Device:            tps    kB_read/s    kB_wrtn/s    kB_read    kB_wrtn
sda               0.00         0.00         0.00          0          0
sdb               0.00         0.00         0.00          0          0

avg-cpu:  %user   %nice %system %iowait  %steal   %idle
          12.39    0.00    0.00    0.00    0.00   87.61

Device:            tps    kB_read/s    kB_wrtn/s    kB_read    kB_wrtn
sda               0.00         0.00         0.00          0          0
sdb               0.00         0.00         0.00          0          0

avg-cpu:  %user   %nice %system %iowait  %steal   %idle
          12.50    0.00    0.12    0.00    0.00   87.38

Device:            tps    kB_read/s    kB_wrtn/s    kB_read    kB_wrtn
sda               0.00         0.00         0.00          0          0
sdb               0.00         0.00         0.00          0          0

avg-cpu:  %user   %nice %system %iowait  %steal   %idle
          12.50    0.00    0.25    0.00    0.00   87.25

Device:            tps    kB_read/s    kB_wrtn/s    kB_read    kB_wrtn
sda               0.00         0.00         0.00          0          0
sdb               0.00         0.00         0.00          0          0

avg-cpu:  %user   %nice %system %iowait  %steal   %idle
          12.39    0.00    0.00    0.38    0.00   87.23

Device:            tps    kB_read/s    kB_wrtn/s    kB_read    kB_wrtn
sda               2.00         0.00        12.00          0         12
sdb               3.00         0.00        24.00          0         24

avg-cpu:  %user   %nice %system %iowait  %steal   %idle
          12.48    0.00    0.25    0.00    0.00   87.27

Device:            tps    kB_read/s    kB_wrtn/s    kB_read    kB_wrtn
sda               0.00         0.00         0.00          0          0
sdb               0.00         0.00         0.00          0          0

avg-cpu:  %user   %nice %system %iowait  %steal   %idle
          12.50    0.00    0.00    0.00    0.00   87.50

Device:            tps    kB_read/s    kB_wrtn/s    kB_read    kB_wrtn
sda               0.00         0.00         0.00          0          0
sdb               0.00         0.00         0.00          0          0

avg-cpu:  %user   %nice %system %iowait  %steal   %idle
          12.39    0.00    0.13    0.00    0.00   87.48

Device:            tps    kB_read/s    kB_wrtn/s    kB_read    kB_wrtn
sda              10.00         0.00      3364.00          0       3364
sdb               0.00         0.00         0.00          0          0

avg-cpu:  %user   %nice %system %iowait  %steal   %idle
          12.36    0.00    0.37    0.00    0.00   87.27

Device:            tps    kB_read/s    kB_wrtn/s    kB_read    kB_wrtn
sda               0.00         0.00         0.00          0          0
sdb               0.00         0.00         0.00          0          0

avg-cpu:  %user   %nice %system %iowait  %steal   %idle
          12.50    0.00    0.00    0.25    0.00   87.25

Device:            tps    kB_read/s    kB_wrtn/s    kB_read    kB_wrtn
sda               0.00         0.00         0.00          0          0
sdb               5.00         0.00        40.00          0         40

avg-cpu:  %user   %nice %system %iowait  %steal   %idle
          12.38    0.00    0.12    0.25    0.00   87.25

Device:            tps    kB_read/s    kB_wrtn/s    kB_read    kB_wrtn
sda               2.00         0.00        20.00          0         20
sdb               0.00         0.00         0.00          0          0

avg-cpu:  %user   %nice %system %iowait  %steal   %idle
          12.48    0.00    0.25    0.00    0.00   87.27

Device:            tps    kB_read/s    kB_wrtn/s    kB_read    kB_wrtn
sda               0.00         0.00         0.00          0          0
sdb               0.00         0.00         0.00          0          0

avg-cpu:  %user   %nice %system %iowait  %steal   %idle
          12.39    0.00    0.00    0.00    0.00   87.61

Device:            tps    kB_read/s    kB_wrtn/s    kB_read    kB_wrtn
sda               0.00         0.00         0.00          0          0
sdb               0.00         0.00         0.00          0          0

avg-cpu:  %user   %nice %system %iowait  %steal   %idle
          12.48    0.00    0.25    0.00    0.00   87.27

Device:            tps    kB_read/s    kB_wrtn/s    kB_read    kB_wrtn
sda               0.00         0.00         0.00          0          0
sdb               0.00         0.00         0.00          0          0

avg-cpu:  %user   %nice %system %iowait  %steal   %idle
          12.42    0.00    0.00    0.25    0.00   87.33

Device:            tps    kB_read/s    kB_wrtn/s    kB_read    kB_wrtn
sda               0.00         0.00         0.00          0          0
sdb               2.00         0.00        24.00          0         24

avg-cpu:  %user   %nice %system %iowait  %steal   %idle
          12.36    0.00    0.25    0.25    0.00   87.14

Device:            tps    kB_read/s    kB_wrtn/s    kB_read    kB_wrtn
sda               2.00         0.00        12.00          0         12
sdb               0.00         0.00         0.00          0          0

avg-cpu:  %user   %nice %system %iowait  %steal   %idle
          12.52    0.00    0.00    0.00    0.00   87.48

Device:            tps    kB_read/s    kB_wrtn/s    kB_read    kB_wrtn
sda               0.00         0.00         0.00          0          0
sdb               0.00         0.00         0.00          0          0

avg-cpu:  %user   %nice %system %iowait  %steal   %idle
          12.48    0.00    0.12    0.00    0.00   87.39

Device:            tps    kB_read/s    kB_wrtn/s    kB_read    kB_wrtn
sda               0.00         0.00         0.00          0          0
sdb               0.00         0.00         0.00          0          0

avg-cpu:  %user   %nice %system %iowait  %steal   %idle
          12.50    0.00    0.12    0.00    0.00   87.38

Device:            tps    kB_read/s    kB_wrtn/s    kB_read    kB_wrtn
sda               0.00         0.00         0.00          0          0
sdb               0.00         0.00         0.00          0          0

avg-cpu:  %user   %nice %system %iowait  %steal   %idle
          12.50    0.00    0.00    0.38    0.00   87.12

Device:            tps    kB_read/s    kB_wrtn/s    kB_read    kB_wrtn
sda               0.00         0.00         0.00          0          0
sdb               6.00         0.00        28.00          0         28

avg-cpu:  %user   %nice %system %iowait  %steal   %idle
          12.48    0.00    0.12    0.12    0.00   87.27

Device:            tps    kB_read/s    kB_wrtn/s    kB_read    kB_wrtn
sda               2.00         0.00        12.00          0         12
sdb               0.00         0.00         0.00          0          0

avg-cpu:  %user   %nice %system %iowait  %steal   %idle
          12.41    0.00    0.00    0.00    0.00   87.59

Device:            tps    kB_read/s    kB_wrtn/s    kB_read    kB_wrtn
sda               0.00         0.00         0.00          0          0
sdb               0.00         0.00         0.00          0          0

avg-cpu:  %user   %nice %system %iowait  %steal   %idle
          12.47    0.00    0.25    0.00    0.00   87.28

Device:            tps    kB_read/s    kB_wrtn/s    kB_read    kB_wrtn
sda               0.00         0.00         0.00          0          0
sdb               0.00         0.00         0.00          0          0

avg-cpu:  %user   %nice %system %iowait  %steal   %idle
          12.52    0.00    0.13    0.00    0.00   87.36

Device:            tps    kB_read/s    kB_wrtn/s    kB_read    kB_wrtn
sda               0.00         0.00         0.00          0          0
sdb               0.00         0.00         0.00          0          0

avg-cpu:  %user   %nice %system %iowait  %steal   %idle
          12.50    0.00    0.12    0.25    0.00   87.12

Device:            tps    kB_read/s    kB_wrtn/s    kB_read    kB_wrtn
sda               0.00         0.00         0.00          0          0
sdb               2.00         0.00        12.00          0         12

avg-cpu:  %user   %nice %system %iowait  %steal   %idle
          12.39    0.00    0.13    0.00    0.00   87.48

Device:            tps    kB_read/s    kB_wrtn/s    kB_read    kB_wrtn
sda               6.00         0.00      2308.00          0       2308
sdb               0.00         0.00         0.00          0          0

avg-cpu:  %user   %nice %system %iowait  %steal   %idle
          12.61    0.00    0.25    0.12    0.00   87.02

Device:            tps    kB_read/s    kB_wrtn/s    kB_read    kB_wrtn
sda               1.98         0.00        19.80          0         20
sdb               0.00         0.00         0.00          0          0

avg-cpu:  %user   %nice %system %iowait  %steal   %idle
          12.39    0.00    0.13    0.00    0.00   87.48

Device:            tps    kB_read/s    kB_wrtn/s    kB_read    kB_wrtn
sda               0.00         0.00         0.00          0          0
sdb               0.00         0.00         0.00          0          0

avg-cpu:  %user   %nice %system %iowait  %steal   %idle
          12.50    0.00    0.38    0.00    0.00   87.12

Device:            tps    kB_read/s    kB_wrtn/s    kB_read    kB_wrtn
sda               0.00         0.00         0.00          0          0
sdb               0.00         0.00         0.00          0          0

avg-cpu:  %user   %nice %system %iowait  %steal   %idle
          12.50    0.00    0.12    0.38    0.00   87.00

Device:            tps    kB_read/s    kB_wrtn/s    kB_read    kB_wrtn
sda               0.00         0.00         0.00          0          0
sdb               2.00         0.00        16.00          0         16

avg-cpu:  %user   %nice %system %iowait  %steal   %idle
          12.48    0.00    0.25    0.00    0.00   87.27

Device:            tps    kB_read/s    kB_wrtn/s    kB_read    kB_wrtn
sda               0.00         0.00         0.00          0          0
sdb               0.00         0.00         0.00          0          0

avg-cpu:  %user   %nice %system %iowait  %steal   %idle
          12.00    0.00    1.00    0.00    0.00   87.00

Device:            tps    kB_read/s    kB_wrtn/s    kB_read    kB_wrtn
sda               0.00         0.00         0.00          0          0
sdb               0.00         0.00         0.00          0          0

