procs -----------memory---------- ---swap-- -----io---- -system-- ----cpu----
 r  b   swpd   free   buff  cache   si   so    bi    bo   in   cs us sy id wa
 1  0      0 31174996  95200 1091712    0    0   103   262  152  169  4  1 95  0
 1  0      0 31136360  98872 1091600    0    0  3672     0 2142 2923 10  1 87  1
 1  0      0 31106196 126716 1091816    0    0 27836    28 8229 1040 11  1 87  1
 1  0      0 31095828 131632 1091832    0    0  4916     0 3857 1160 10  2 88  0
 1  0      0 31085228 131896 1091748    0    0   252    60 2723 1018 11  2 87  0
 1  0      0 31077964 132284 1091628    0    0   388     0 2817 1044 11  2 88  0
 1  0      0 31071144 132412 1091760    0    0   128     0 2751 1040 10  2 88  0
 1  0      0 31064792 132412 1091760    0    0     0     0 2718 1025 11  2 87  0
 1  0      0 31054508 132412 1091760    0    0     0     0 2666  995 11  2 87  0
 1  0      0 31047620 132420 1091756    0    0     0    24 2750 1049 11  2 87  0
 1  0      0 31040512 132540 1091764    0    0   120     0 2782 1037 10  2 87  0
 1  0      0 31031156 132540 1091764    0    0     0     0 2669  987 11  2 88  0
 1  0      0 31014876 132540 1101168    0    0  9612     0 3494 5878  9  1 87  3
 0  1      0 30994068 132540 1111900    0    0 10740     0 3808 6619  9  1 87  3
 1  0      0 30973168 132540 1122384    0    0 10368    52 3570 6135  9  1 88  3
 1  0      0 30955120 132548 1132656    0    0 10304    12 3595 6212  9  1 88  3
 0  1      0 30931832 132548 1144304    0    0 11360     0 3750 6601  9  1 88  3
 1  0      0 30909196 132548 1155276    0    0 10996     0 3793 6696  8  1 88  3
 1  0      0 30886512 132548 1166220    0    0 11008     0 3801 6734  8  1 88  3
 1  0      0 30868200 132548 1177740    0    0 11736     0 3814 6875  8  1 88  3
 1  0      0 30849996 132556 1186632    0    0  8828    12 3116 5058  9  1 87  2
procs -----------memory---------- ---swap-- -----io---- -system-- ----cpu----
 r  b   swpd   free   buff  cache   si   so    bi    bo   in   cs us sy id wa
 1  0      0 30829792 132556 1197800    0    0 11292     0 3802 6713  9  1 87  3
 0  1      0 30804396 132556 1208824    0    0 10856     0 3710 6479  9  1 88  3
 1  0      0 30783976 132556 1219960    0    0 11140     0 3769 6638  9  1 87  3
 1  0      0 30760532 132556 1232428    0    0 12468     0 4066 7444  8  1 87  3
 0  1      0 30741228 132564 1243996    0    0 11516    12 3874 6878  8  1 88  3
 0  1      0 30723132 132564 1255712    0    0 11580     0 3817 6613  8  1 87  3
 1  0      0 30700976 132564 1267008    0    0 11636     0 3796 6725  8  1 88  3
 1  0      0 30675456 132564 1278388    0    0 11128     0 3828 6801  8  1 88  3
 1  0      0 30662212 132564 1289744    0    0 11268     0 3834 6850  8  1 88  3
 1  0      0 30639264 132564 1302384    0    0 12988     0 4275 7845  8  1 88  3
 0  1      0 30617060 132572 1314488    0    0 11780    12 4037 7334  8  1 87  3
 0  1      0 30603212 132572 1325208    0    0 11044    20 3744 6646  9  1 88  3
 1  0      0 30581412 132572 1337260    0    0 11836     0 3935 7029  8  1 88  3
 0  1      0 30564816 132572 1345188    0    0  8072    44 2950 4672 10  1 88  2
 1  0      0 30536976 132572 1351752    0    0  6684     0 2625 3920 10  1 88  2
 1  1      0 30536852 132580 1352052    0    0     0    24 1071   38 13  0 87  0
 1  0      0 30530280 132580 1352052    0    0     0    20 1075   51 12  0 87  0
 1  0      0 30529164 132580 1352052    0    0     0     0 1071   39 13  0 88  0
 1  0      0 30527552 132580 1352056    0    0     0     0 1083   37 12  0 87  0
 1  0      0 30524328 132580 1352060    0    0     0     0 1068   27 12  0 87  0
 1  0      0 30524436 132588 1352052    0    0     0    12 1108   73 12  0 87  0
procs -----------memory---------- ---swap-- -----io---- -system-- ----cpu----
 r  b   swpd   free   buff  cache   si   so    bi    bo   in   cs us sy id wa
 1  0      0 30515384 132588 1352052    0    0     0     0 1078   41 12  0 88  0
 1  0      0 30511912 132588 1352056    0    0     0     0 1068   29 12  0 87  0
 1  0      0 30509184 132588 1352064    0    0     0     0 1073   33 12  0 88  0
 1  0      0 30501620 132588 1352068    0    0     0     0 1083   43 12  0 87  0
 1  0      0 30498396 132596 1352060    0    0     0    12 1080   51 12  0 87  0
 1  0      0 30495420 132596 1352072    0    0     0     0 1082   39 13  0 88  0
 1  0      0 30493808 132596 1352072    0    0     0     0 1070   29 12  0 87  0
 1  0      0 30484384 132596 1352072    0    0     0    12 1077   43 12  0 88  0
 1  0      0 30482524 132596 1352072    0    0     0     0 1078   43 13  0 88  0
 1  1      0 30472092 132604 1352068    0    0     0    12 1099   73 12  0 87  0
 1  0      0 30468620 132604 1352076    0    0     0     0 1094   48 12  0 87  0
 1  0      0 30465892 132604 1352076    0    0     0     0 1060   35 12  0 87  0
 1  0      0 30455848 132604 1352076    0    0     0     0 1073   39 12  0 88  0
 1  0      0 30452624 132604 1352080    0    0     0     0 1073   29 13  0 88  0
 1  0      0 30450516 132612 1352072    0    0     0    12 1080   45 12  0 87  0
 1  0      0 30427700 132612 1352072    0    0     0     0 1066   35 12  0 88  0
 1  0      0 30423980 132612 1352072    0    0     0     0 1078   37 13  0 88  0
 1  0      0 30420384 132612 1352072    0    0     0     0 1068   33 12  0 88  0
 1  0      0 30416292 132612 1352084    0    0     0     0 1071   32 13  0 88  0
 1  0      0 30385648 132620 1352076    0    0     0    12 1100   75 12  0 87  0
 1  0      0 30376968 132620 1352076    0    0     0     0 1087   46 13  0 87  0
procs -----------memory---------- ---swap-- -----io---- -system-- ----cpu----
 r  b   swpd   free   buff  cache   si   so    bi    bo   in   cs us sy id wa
 1  0      0 30355020 132620 1352076    0    0     0     0 1073   31 12  0 88  0
 1  0      0 30352912 132620 1352088    0    0     0     0 1080   37 12  0 87  0
 1  0      0 30264728 132624 1352276    0    0     4     0 1067   40 12  0 87  0
 1  0      0 30243876 132632 1352688    0    0     0    16 1080   53 12  0 87  0
 1  0      0 30222884 132632 1353048    0    0     0     0 1063   27 12  0 87  0
 1  0      0 30202156 132632 1353360    0    0     0     0 1061   31 12  0 88  0
 1  0      0 30181304 132632 1353660    0    0     0    44 1068   39 12  0 88  0
 1  0      0 30162376 132644 1353900    0    0     4  1768 1079   59 12  0 87  0
 1  0      0 30143804 132652 1354192    0    0     0    28 1078   47 12  0 87  1
 1  0      0 30125124 132652 1354452    0    0     0     0 1085   34 13  0 88  0
 1  0      0 30106320 132652 1354752    0    0     0     0 1065   37 12  0 88  0
 1  0      0 30087640 132652 1354992    0    0     0     0 1068   41 12  0 87  0
 1  0      0 30066912 132660 1355164    0    0     0    12 1085   55 13  0 87  0
 1  0      0 30048108 132668 1355396    0    0     0    12 1083   47 12  0 87  0
 1  0      0 30029428 132668 1355640    0    0     0     0 1081   43 12  0 87  0
 1  0      0 30012796 132668 1355880    0    0     0     0 1076   35 12  0 88  0
 1  0      0 29994116 132668 1356060    0    0     0     0 1062   29 13  0 88  0
 1  0      0 29975312 132676 1356308    0    0     0    12 1072   49 12  0 87  0
 1  0      0 29958664 132684 1356544    0    0     0    12 1097   57 12  0 87  0
 1  0      0 29942156 132684 1356724    0    0     0     0 1074   43 12  0 87  0
 1  0      0 29923368 132700 1357040    0    0     0    32 1115  111 12  0 87  0
procs -----------memory---------- ---swap-- -----io---- -system-- ----cpu----
 r  b   swpd   free   buff  cache   si   so    bi    bo   in   cs us sy id wa
 1  0      0 29906736 132700 1357220    0    0     0     0 1088   39 12  0 88  0
 1  0      0 29888064 132708 1357396    0    0     0    12 1081   59 13  0 87  0
 1  0      0 29871564 132716 1357628    0    0     0    12 1100   70 12  0 87  0
 1  0      0 29850712 132716 1357808    0    0     0     0 1075   33 12  0 87  0
 1  0      0 29834220 132716 1358004    0    0     0     0 1072   33 12  0 88  0
 1  0      0 29815540 132716 1358188    0    0     0     0 1071   43 12  0 87  0
 1  0      0 29796992 132716 1358368    0    0     0     0 1077   41 12  0 87  0
 1  0      0 29778172 132732 1358532    0    0     0    24 1088   63 12  0 87  0
 1  0      0 29761540 132732 1358732    0    0     0     0 1066   35 12  0 88  0
 1  0      0 29742860 132732 1358912    0    0     0     0 1062   37 13  0 88  0
 1  0      0 29728276 132732 1359096    0    0     0     4 1069   39 12  0 88  0
 1  0      0 29711644 132732 1359336    0    0     0     0 1063   31 13  0 88  0
 1  0      0 29693088 132748 1359500    0    0     0    24 1074   59 12  0 87  0
 1  0      0 29686572 132748 1359620    0    0     0     0 1078   47 12  0 87  0
 1  0      0 29684276 132748 1359804    0    0     0     0 1071   34 12  0 88  0
 1  0      0 29681980 132748 1360044    0    0     0    52 1068   33 13  0 88  0
 1  0      0 29679808 132748 1360240    0    0     0    16 1074   33 12  0 87  0
 1  0      0 29677612 132764 1360356    0    0     0    32 1095   72 13  0 87  0
 1  0      0 29675192 132764 1360540    0    0     0     0 1080   43 12  0 88  0
 1  0      0 29673020 132764 1360720    0    0     0     0 1075   37 13  0 88  0
 1  0      0 29670848 132764 1360904    0    0     0     8 1070   33 12  0 87  0
procs -----------memory---------- ---swap-- -----io---- -system-- ----cpu----
 r  b   swpd   free   buff  cache   si   so    bi    bo   in   cs us sy id wa
 1  0      0 29668460 132776 1361108    0    0    12  7140 1095   61 13  0 87  0
 1  0      0 29666288 132784 1361284    0    0     0    20 1079   51 12  0 87  0
 1  0      0 29664116 132792 1361396    0    0     0    24 1070   45 12  0 87  0
 1  0      0 29661820 132792 1361592    0    0     0     0 1063   31 12  0 87  0
 1  0      0 29659524 132792 1361772    0    0     0     0 1083   53 13  0 88  0
 1  0      0 29659400 132792 1361956    0    0     0     0 1066   37 13  0 88  0
 1  0      0 29657212 132800 1362136    0    0     0    12 1081   45 12  0 87  0
 1  0      0 29654916 132808 1362308    0    0     0    12 1092   55 13  0 87  0
 1  0      0 29652744 132808 1362488    0    0     0     0 1078   43 12  0 87  0
 1  0      0 29651628 132808 1362668    0    0     0     0 1067   35 12  0 88  0
 1  0      0 29651504 132808 1362852    0    0     0     8 1076   37 13  0 88  0
 1  0      0 29651380 132816 1363032    0    0     0    12 1072   45 12  0 87  0
 1  0      0 29651256 132824 1363204    0    0     0    12 1074   55 13  0 87  0
 1  0      0 29651008 132824 1363384    0    0     0     0 1069   35 12  0 87  0
 1  0      0 29650884 132824 1363508    0    0     0     0 1059   29 13  0 88  0
 1  0      0 29650760 132824 1363704    0    0     0     0 1066   35 12  0 88  0
 1  0      0 29650496 132832 1363884    0    0     0    12 1090   54 13  0 87  0
 1  0      0 29650372 132840 1364056    0    0     0    12 1098   57 13  0 87  0
 1  0      0 29650248 132840 1364180    0    0     0     0 1071   27 13  0 88  0
 1  0      0 29650000 132840 1364428    0    0     0     0 1064   29 12  0 87  0
 2  0      0 29649908 132840 1364548    0    0     0  3492 1103   58 12  0 87  0
procs -----------memory---------- ---swap-- -----io---- -system-- ----cpu----
 r  b   swpd   free   buff  cache   si   so    bi    bo   in   cs us sy id wa
 1  0      0 29649660 132848 1364720    0    0     0    12 1085   55 13  0 87  0
 1  0      0 29649536 132856 1364896    0    0     0    20 1085   49 13  0 87  0
 1  0      0 29649412 132856 1365092    0    0     0     0 1070   34 13  0 88  0
 1  0      0 29649164 132856 1365332    0    0     0     0 1075   39 13  0 88  0
 1  0      0 29648792 132856 1365512    0    0     0     0 1066   37 13  0 88  0
 1  0      0 29648652 132864 1365684    0    0     0    12 1090   51 12  0 87  0
 1  0      0 29648280 132872 1365868    0    0     0    12 1076   53 13  0 88  0
 1  0      0 29648156 132872 1366048    0    0     0     0 1074   41 12  0 87  0
 1  0      0 29647908 132872 1366228    0    0     0     0 1069   35 13  0 88  0
 1  0      0 29647784 132872 1366408    0    0     0    48 1074   41 12  0 88  0
 1  0      0 29647660 132880 1366532    0    0     0    20 1077   51 13  0 87  0
 1  0      0 29647536 132880 1366712    0    0     0     0 1070   39 12  0 87  0
 1  0      0 29647288 132888 1366896    0    0     0    12 1073   48 12  0 87  0
 1  0      0 29647164 132888 1367080    0    0     0     0 1068   31 12  0 88  0
 1  0      0 29646916 132888 1367268    0    0     0  2700 1079   37 13  0 87  0
 1  0      0 29646776 132896 1367440    0    0     0    12 1106   63 12  0 87  0
 1  0      0 29646512 132896 1367620    0    0     0     0 1073   37 12  0 87  0
 1  0      0 29646388 132904 1367792    0    0     0    20 1070   42 13  0 87  0
 1  0      0 29646140 132904 1367992    0    0     0     0 1063   29 12  0 87  0
 1  0      0 29646016 132904 1368172    0    0     0     0 1070   45 12  0 88  0
 1  0      0 29645768 132912 1368344    0    0     0    12 1079   49 13  0 87  0
procs -----------memory---------- ---swap-- -----io---- -system-- ----cpu----
 r  b   swpd   free   buff  cache   si   so    bi    bo   in   cs us sy id wa
 1  0      0 29645644 132912 1368464    0    0     0     0 1073   35 12  0 87  0
 1  0      0 29645520 132920 1368704    0    0     0    12 1064   49 12  0 87  0
 1  0      0 29645272 132920 1368888    0    0     0     0 1068   39 12  0 88  0
 1  0      0 29645148 132920 1369008    0    0     0     0 1068   41 13  0 88  0
 1  0      0 29645008 132928 1369188    0    0     0    12 1099   48 12  0 87  0
 1  0      0 29644760 132928 1369368    0    0     0     0 1079   35 13  0 88  0
 1  0      0 29644636 132936 1369544    0    0     0    12 1093   61 13  0 87  0
 1  0      0 29644388 132936 1369724    0    0     0     0 1070   31 12  0 87  0
 1  0      0 29644264 132936 1369904    0    0     0  2640 1089   51 12  0 88  0
 1  0      0 29644140 132944 1370032    0    0     0    12 1075   49 13  0 87  0
 1  0      0 29643892 132944 1370224    0    0     0     0 1068   41 12  0 87  0
 1  0      0 29643644 132952 1370396    0    0     0    20 1073   48 12  0 87  0
 1  0      0 29643520 132952 1370576    0    0     0     0 1067   27 13  0 88  0
 1  0      0 29643272 132952 1370764    0    0     0     0 1065   33 13  0 88  0
 1  0      0 29643192 132960 1370940    0    0     0    12 1087   55 13  0 87  0
 1  0      0 29643008 132960 1371120    0    0     0     0 1081   39 13  0 88  0
 1  0      0 29642884 132960 1371300    0    0     0     0 1064   29 12  0 88  0
 1  0      0 29642636 132968 1371480    0    0     0    12 1070   45 12  0 87  0
 1  0      0 29642512 132968 1371664    0    0     0    36 1093   58 12  0 87  0
 1  0      0 29642264 132976 1371896    0    0     0    20 1082   51 13  0 87  0
 1  0      0 29642016 132976 1372076    0    0     0     0 1068   27 12  0 87  0
procs -----------memory---------- ---swap-- -----io---- -system-- ----cpu----
 r  b   swpd   free   buff  cache   si   so    bi    bo   in   cs us sy id wa
 1  0      0 29641892 132976 1372272    0    0     0     0 1071   37 12  0 88  0
 1  0      0 29641768 132984 1372384    0    0     0    12 1074   57 13  0 87  0
 1  0      0 29641644 132984 1372568    0    0     0  2716 1077   39 12  0 87  0
 1  0      0 29641192 132992 1372740    0    0     0    20 1087   43 13  0 87  0
 1  0      0 30327768 132992 1372936    0    0     0   364 1103   53 12  0 87  0
 1  0      0 30326528 132992 1373000    0    0     0     0 1069   41 13  0 88  0
 1  0      0 30324420 133000 1372996    0    0     0    20 1069   45 12  0 87  0
 1  0      0 30319336 133000 1372996    0    0     0     0 1059   29 13  0 88  0
 1  0      0 30316856 133008 1372996    0    0     0    16 1080   49 12  0 87  0
 1  0      0 30316484 133008 1372996    0    0     0     0 1078   49 13  0 87  0
 1  0      0 30302472 133008 1373000    0    0     0     0 1068   33 12  0 88  0
 1  0      0 30266016 133008 1373000    0    0     0     0 1066   27 12  0 87  0
 1  0      0 30250268 133008 1373008    0    0     0     0 1058   32 12  0 88  0
 1  0      0 30206416 133016 1373000    0    0     0    12 1101   89 12  0 87  0
 1  0      0 30178456 133016 1373004    0    0     0     0 1078   37 12  0 87  0
 1  0      0 30150308 133016 1373004    0    0     0     0 1067   27 12  0 88  0
 1  0      0 30119804 133016 1373012    0    0     0     0 1062   29 12  0 88  0
 1  0      0 30088680 133016 1373016    0    0     0     0 1070   43 12  0 87  0
 1  0      0 30055944 133024 1373008    0    0     0    12 1087   55 12  0 87  0
 1  0      0 30020852 133024 1373012    0    0     0     0 1062   27 12  0 87  0
 1  0      0 29984644 133024 1373020    0    0     0     0 1068   36 12  0 88  0
procs -----------memory---------- ---swap-- -----io---- -system-- ----cpu----
 r  b   swpd   free   buff  cache   si   so    bi    bo   in   cs us sy id wa
 1  0      0 29946824 133024 1373020    0    0     0     0 1083   51 12  0 87  0
 1  0      0 29906276 133024 1373020    0    0     0     0 1079   33 12  0 88  0
 1  0      0 29872468 133032 1373016    0    0     0    12 1089   51 12  0 87  0
 1  0      0 29872284 133032 1373024    0    0     0     0 1073   35 13  0 88  0
 1  0      0 29872284 133032 1373024    0    0     0     0 1071   45 13  0 87  0
 1  0      0 29872284 133032 1373024    0    0     0     0 1062   33 12  0 88  0
 1  0      0 29872284 133032 1373028    0    0     0     0 1060   31 13  0 88  0
 1  0      0 29872284 133040 1373020    0    0     0    12 1076   49 13  0 87  1
 1  0      0 29872284 133040 1373020    0    0     0     0 1066   43 13  0 88  0
 1  0      0 29872160 133040 1373020    0    0     0     0 1066   31 12  0 88  0
 1  0      0 29872160 133040 1373024    0    0     0     0 1065   27 13  0 87  0
 1  0      0 29872160 133040 1373032    0    0     0     0 1073   29 13  0 88  0
 1  0      0 29871912 133048 1373024    0    0     0    72 1122   80 12  0 87  0
 1  0      0 29872144 133048 1373024    0    0     0     0 1079   39 12  0 88  0
 1  0      0 29872144 133048 1373024    0    0     0     0 1063   27 12  0 87  0
 1  0      0 29872144 133048 1373036    0    0     0     0 1067   29 13  0 88  0
 1  0      0 29732892 133048 1373036    0    0     0     0 1066   43 12  1 87  0
 1  0      0 29732644 133056 1373028    0    0     0    48 1088   55 12  0 87  0
 1  0      0 29704372 133056 1373028    0    0     0     0 1074   35 12  0 87  0
 1  0      0 29698048 133056 1373040    0    0     0     0 1061   31 12  0 88  0
 1  0      0 29695568 133056 1373040    0    0     0     0 1075   41 13  0 88  0
procs -----------memory---------- ---swap-- -----io---- -system-- ----cpu----
 r  b   swpd   free   buff  cache   si   so    bi    bo   in   cs us sy id wa
 1  0      0 29695568 133056 1373040    0    0     0     0 1073   33 13  0 88  0
 1  0      0 29665932 133064 1373032    0    0     0    12 1088   62 12  0 87  0
 1  0      0 29658104 133064 1373044    0    0     0     0 1065   35 12  0 88  0
 1  0      0 29657112 133064 1373044    0    0     0     0 1079   47 13  0 88  0
 1  0      0 29656864 133064 1373044    0    0     0     0 1074   31 12  0 87  0
 1  0      0 29656244 133064 1373044    0    0     0     0 1065   29 13  0 88  0
 1  0      0 29603172 133072 1373040    0    0     0    12 1072   47 12  0 87  0
 1  0      0 29603172 133072 1373040    0    0     0     0 1076   46 12  0 87  0
 1  0      0 29603172 133072 1373040    0    0     0     0 1066   29 13  0 88  0
 1  0      0 29603172 133072 1373040    0    0     0     0 1060   27 12  0 88  0
 1  0      0 29603172 133072 1373052    0    0     0     0 1076   29 12  0 87  0
 1  0      0 29602924 133080 1373044    0    0     0    12 1099   69 13  0 87  0
 1  0      0 29603156 133080 1373044    0    0     0     0 1075   35 12  0 87  0
 1  0      0 29603156 133080 1373044    0    0     0     0 1066   29 12  0 88  0
 1  0      0 29603156 133080 1373052    0    0     0     0 1063   31 13  0 88  0
 1  0      0 29603156 133080 1373056    0    0     0     0 1087   51 13  0 88  0
 1  0      0 29603156 133088 1373048    0    0     0    12 1075   47 13  0 87  0
 1  0      0 29603156 133088 1373056    0    0     0     0 1079   39 12  0 88  0
 1  0      0 29603156 133088 1373056    0    0     0     0 1069   29 12  0 88  0
 1  0      0 29603156 133088 1373060    0    0     0     0 1070   43 12  0 87  0
 1  0      0 29550704 133088 1373060    0    0     0     0 1071   29 12  0 87  0
procs -----------memory---------- ---swap-- -----io---- -system-- ----cpu----
 r  b   swpd   free   buff  cache   si   so    bi    bo   in   cs us sy id wa
 1  0      0 29542520 133096 1373052    0    0     0    12 1097   59 12  0 87  0
 1  0      0 29542752 133096 1373064    0    0     0     0 1081   41 12  0 87  0
 1  0      0 29542504 133096 1373068    0    0     0     0 1074   43 13  0 88  0
 1  0      0 29542504 133096 1373068    0    0     0     0 1071   30 12  0 87  0
 1  0      0 29542504 133096 1373068    0    0     0     0 1075   37 12  0 88  0
 1  0      0 29542504 133104 1373060    0    0     0    72 1087   53 13  0 87  0
 1  0      0 29542504 133104 1373064    0    0     0     0 1072   45 12  0 87  0
 1  0      0 29542504 133104 1373064    0    0     0     0 1066   29 13  0 88  0
 1  0      0 29542504 133104 1373064    0    0     0     0 1084   35 13  0 88  0
 1  0      0 29542504 133104 1373072    0    0     0     0 1062   29 12  0 87  0
 1  0      0 29542256 133112 1373064    0    0     0    12 1101   77 12  0 87  0
 1  0      0 29542488 133112 1373068    0    0     0     0 1073   36 12  0 88  0
 1  0      0 29542488 133112 1373068    0    0     0     0 1063   27 12  0 87  0
 1  0      0 29495864 133112 1373076    0    0     0     0 1062   29 12  0 88  0
 1  0      0 29494996 133112 1373076    0    0     0     0 1076   45 13  0 88  0
 1  0      0 29494996 133120 1373072    0    0     0    12 1074   51 12  0 87  0
 1  0      0 29494996 133120 1373072    0    0     0     0 1065   27 13  0 88  0
 1  0      0 29494996 133120 1373080    0    0     0     0 1062   31 13  0 87  0
 1  0      0 29494996 133120 1373080    0    0     0     0 1078   48 12  0 87  0
 1  0      0 29478676 133120 1373084    0    0     0     0 1080   33 12  0 88  0
 1  0      0 29478428 133128 1373076    0    0     0    12 1100   65 12  0 87  0
procs -----------memory---------- ---swap-- -----io---- -system-- ----cpu----
 r  b   swpd   free   buff  cache   si   so    bi    bo   in   cs us sy id wa
 1  0      0 29478660 133128 1373084    0    0     0     0 1075   35 12  0 87  0
 1  0      0 29466260 133128 1373084    0    0     0     0 1075   45 12  0 88  0
 1  0      0 29465516 133128 1373088    0    0     0     0 1067   39 12  0 88  0
 1  0      0 29473148 133128 1373088    0    0     0     0 1065   31 13  0 88  0
 1  0      0 29462360 133136 1373080    0    0     0    12 1075   47 12  0 87  0
 1  0      0 29462236 133136 1373080    0    0     0     0 1072   43 12  0 87  0
 1  0      0 29462112 133136 1373080    0    0     0     0 1069   29 13  0 88  0
 1  0      0 29462112 133136 1373084    0    0     0     0 1060   27 13  0 88  0
 1  0      0 29462112 133136 1373092    0    0     0     0 1060   29 12  0 87  0
 1  0      0 29461908 133144 1373084    0    0     0    12 1098   81 12  0 87  0
 1  0      0 29461972 133144 1373092    0    0     0     0 1073   37 12  0 88  0
 1  0      0 29461972 133144 1373096    0    0     0     0 1075   35 12  0 87  0
 1  0      0 29461848 133144 1373096    0    0     0     0 1070   31 13  0 88  0
 1  0      0 29461848 133144 1373096    0    0     0     0 1078   45 13  0 88  0
 1  0      0 29461724 133152 1373088    0    0     0    56 1080   53 12  0 87  0
 1  0      0 29461724 133152 1373092    0    0     0     0 1077   35 12  0 88  0
 1  0      0 29461724 133152 1373100    0    0     0     0 1062   31 13  0 88  0
 1  0      0 29461600 133152 1373100    0    0     0     0 1067   45 12  0 87  0
 1  0      0 29461600 133152 1373100    0    0     0     0 1058   31 13  0 88  0
 1  0      0 29461520 133160 1373096    0    0     0    24 1088   51 12  0 87  0
 1  0      0 29461584 133160 1373104    0    0     0     0 1069   35 12  0 87  0
procs -----------memory---------- ---swap-- -----io---- -system-- ----cpu----
 r  b   swpd   free   buff  cache   si   so    bi    bo   in   cs us sy id wa
 1  0      0 29461460 133160 1373104    0    0     0     0 1068   43 13  0 87  0
 1  0      0 29461460 133160 1373104    0    0     0     0 1060   29 13  0 88  0
 1  0      0 29461336 133160 1373108    0    0     0     0 1074   37 12  0 87  0
 1  0      0 29461088 133168 1373100    0    0     0    12 1080   53 12  0 87  0
 1  0      0 29461088 133168 1373104    0    0     0     0 1072   43 13  0 87  0
 1  0      0 29461088 133168 1373104    0    0     0     0 1057   29 12  0 87  0
 1  0      0 29461088 133168 1373104    0    0     0     0 1064   31 13  0 87  0
 1  0      0 29461088 133168 1373116    0    0     0     0 1059   29 12  0 88  0
 1  0      0 29461008 133176 1373108    0    0     0    12 1101   61 12  0 87  0
 1  0      0 29461072 133176 1373108    0    0     0     0 1074   35 13  0 88  0
 1  0      0 29461072 133176 1373108    0    0     0     0 1063   29 13  0 88  0
 1  0      0 29461072 133176 1373120    0    0     0     0 1063   31 12  0 87  0
 1  0      0 29461072 133176 1373120    0    0     0     0 1071   47 12  0 88  0
 1  0      0 29461072 133184 1373112    0    0     0    12 1092   61 12  0 87  0
 1  0      0 29461072 133184 1373112    0    0     0     0 1073   31 12  0 87  0
 1  0      0 29461072 133184 1373124    0    0     0     0 1074   33 13  0 88  0
 1  0      0 29460948 133184 1373124    0    0     0     0 1084   51 12  0 87  0
 1  0      0 29460948 133184 1373124    0    0     0     0 1063   27 12  0 88  0
 1  0      0 29460868 133192 1373116    0    0     0    12 1086   49 13  0 87  0
 1  0      0 29460932 133192 1373128    0    0     0     0 1074   41 13  0 88  0
 1  0      0 29460932 133192 1373128    0    0     0     0 1091   43 12  0 87  0
procs -----------memory---------- ---swap-- -----io---- -system-- ----cpu----
 r  b   swpd   free   buff  cache   si   so    bi    bo   in   cs us sy id wa
 1  0      0 29460932 133192 1373128    0    0     0     0 1062   29 12  0 88  0
 1  0      0 29460932 133192 1373128    0    0     0     0 1067   29 13  0 88  0
 1  0      0 29460932 133200 1373120    0    0     0    12 1075   47 12  0 87  0
 1  0      0 29460932 133200 1373132    0    0     0     0 1072   47 13  0 88  0
 1  0      0 29460932 133200 1373132    0    0     0     0 1072   29 12  0 88  0
 1  0      0 29460932 133200 1373132    0    0     0     0 1063   27 12  0 87  0
 1  0      0 29460932 133200 1373132    0    0     0     0 1070   32 13  0 88  0
 1  0      0 29460684 133208 1373128    0    0     0    12 1113   71 12  0 87  0
 1  0      0 29460916 133208 1373128    0    0     0    44 1080   37 13  0 88  0
 1  0      0 29460916 133208 1373128    0    0     0     0 1067   27 13  0 88  0
 1  0      0 29460916 133208 1373136    0    0     0     0 1067   29 12  0 87  0
 1  0      0 29460916 133208 1373140    0    0     0     0 1072   45 13  0 88  0
 1  0      0 29460916 133216 1373132    0    0     0    28 1090   45 12  0 87  0
 1  0      0 29460916 133216 1373132    0    0     0     0 1063   29 12  0 87  0
 1  0      0 29460916 133216 1373140    0    0     0     0 1066   31 13  0 88  0
 1  0      0 29460916 133216 1373144    0    0     0     0 1083   43 13  0 88  0
 1  0      0 29460916 133216 1373144    0    0     0     0 1068   29 12  0 87  0
 1  0      0 29460668 133224 1373136    0    0     0    12 1089   55 12  0 87  0
 1  0      0 29460900 133224 1373144    0    0     0     0 1072   37 13  0 88  0
 1  0      0 29460900 133224 1373144    0    0     0     0 1092   53 12  0 87  0
 1  0      0 29460900 133224 1373148    0    0     0     0 1074   33 13  0 88  0
procs -----------memory---------- ---swap-- -----io---- -system-- ----cpu----
 r  b   swpd   free   buff  cache   si   so    bi    bo   in   cs us sy id wa
 1  0      0 29460900 133224 1373148    0    0     0     0 1067   30 12  0 88  0
 1  0      0 29460900 133232 1373140    0    0     0    12 1075   51 12  0 87  0
 1  0      0 29460900 133232 1373140    0    0     0     0 1078   49 13  0 88  0
 1  0      0 29460900 133232 1373144    0    0     0     0 1072   29 13  0 88  0
 1  0      0 29460900 133232 1373144    0    0     0     0 1071   27 12  0 88  0
 1  0      0 29460776 133232 1373152    0    0     0     0 1073   29 13  0 88  0
 1  0      0 29460528 133240 1373144    0    0     0    12 1098   69 13  0 87  0
 1  0      0 29460760 133240 1373148    0    0     0     0 1080   37 12  0 87  0
 1  0      0 29460760 133240 1373148    0    0     0     0 1082   27 12  0 88  0
 1  0      0 29460760 133240 1373160    0    0     0     0 1069   29 13  0 88  0
 1  0      0 29460760 133240 1373160    0    0     0     0 1083   51 12  0 87  0
 1  0      0 29460760 133248 1373156    0    0     0    12 1081   49 12  0 87  0
 1  0      0 29460884 133248 1373156    0    0     0     0 1078   41 13  0 88  0
 1  0      0 29460884 133248 1373164    0    0     0     0 1065   32 12  0 88  0
 1  0      0 29460884 133248 1373164    0    0     0     0 1069   43 13  0 88  0
 1  0      0 29460884 133248 1373168    0    0     0     0 1072   29 12  0 87  0
 1  0      0 29460804 133256 1373160    0    0     0    12 1093   55 12  0 87  1
 1  0      0 29460868 133256 1373168    0    0     0    32 1085   41 12  0 87  0
 1  0      0 29460868 133256 1373168    0    0     0     0 1081   43 12  0 87  0
 1  0      0 29460868 133256 1373168    0    0     0     0 1070   29 13  0 88  0
 1  0      0 29460868 133256 1373172    0    0     0     0 1070   29 12  0 88  0
procs -----------memory---------- ---swap-- -----io---- -system-- ----cpu----
 r  b   swpd   free   buff  cache   si   so    bi    bo   in   cs us sy id wa
 1  0      0 29460868 133264 1373164    0    0     0    20 1073   49 12  0 87  0
 1  0      0 29460868 133264 1373164    0    0     0    16 1084   51 13  0 88  0
 1  0      0 29460868 133264 1373164    0    0     0     0 1074   31 13  0 88  0
 1  0      0 29460868 133264 1373168    0    0     0     0 1068   35 12  0 87  0
 1  0      0 29460868 133264 1373176    0    0     0     0 1060   27 12  0 88  0
 1  0      0 29460788 133272 1373168    0    0     0    20 1116   71 13  0 87  0
 1  0      0 29460852 133272 1373168    0    0     0     0 1070   37 12  0 87  0
 1  0      0 29460852 133272 1373172    0    0     0     0 1063   29 12  0 88  0
 1  0      0 29460852 133272 1373180    0    0     0     0 1064   31 13  0 88  0
 1  0      0 29460852 133272 1373180    0    0     0     0 1103   61 12  0 87  0
 1  0      0 29460852 133280 1373172    0    0     0    12 1076   51 13  0 87  0
 1  0      0 29460852 133280 1373176    0    0     0     0 1065   29 12  0 88  0
 1  0      0 29460852 133280 1373184    0    0     0     0 1065   31 12  0 87  0
 1  0      0 29460852 133280 1373184    0    0     0     0 1085   45 13  0 88  0
 1  0      0 29460852 133280 1373184    0    0     0     0 1066   29 12  0 87  0
 1  0      0 29460772 133288 1373176    0    0     0    12 1102   61 13  0 87  0
 1  0      0 29460836 133288 1373188    0    0     0     0 1089   43 12  0 88  0
 1  0      0 29460712 133288 1373188    0    0     0     0 1080   43 12  0 87  0
 1  0      0 29460712 133288 1373188    0    0     0     0 1066   29 13  0 88  0
 1  0      0 29460712 133288 1373188    0    0     0     0 1061   29 13  0 88  0
 1  0      0 29460712 133296 1373184    0    0     0    12 1072   49 12  0 87  0
procs -----------memory---------- ---swap-- -----io---- -system-- ----cpu----
 r  b   swpd   free   buff  cache   si   so    bi    bo   in   cs us sy id wa
 1  0      0 29460712 133296 1373184    0    0     0     0 1077   45 13  0 88  0
 1  0      0 29460712 133296 1373184    0    0     0     0 1063   29 13  0 88  0
 1  0      0 29460712 133296 1373184    0    0     0     0 1072   27 12  0 87  0
 1  0      0 29460712 133296 1373196    0    0     0     0 1059   29 13  0 88  0
 1  0      0 29460632 133304 1373196    0    0     0    12 1100   82 12  0 87  0
 1  0      0 29460696 133304 1373196    0    0     0     0 1076   35 12  0 87  0
 1  0      0 29460696 133304 1373196    0    0     0     0 1072   35 13  0 88  0
 1  0      0 29460696 133304 1373200    0    0     0     0 1067   31 13  0 88  0
 1  0      0 29460696 133304 1373200    0    0     0     0 1089   53 12  0 87  0
 1  0      0 29460696 133312 1373192    0    0     0    12 1071   47 13  0 87  0
 1  0      0 29460696 133312 1373192    0    0     0     0 1069   27 12  0 88  0
 1  0      0 29460696 133312 1373200    0    0     0    40 1072   35 12  0 87  0
 1  0      0 29460696 133312 1373204    0    0     0     0 1078   43 13  0 88  0
 1  0      0 29460696 133312 1373208    0    0     0     0 1063   29 13  0 88  0
 1  0      0 29460448 133320 1373200    0    0     0    20 1100   47 12  0 87  0
 1  0      0 29460680 133320 1373208    0    0     0     0 1075   35 13  0 87  0
 1  0      0 29460680 133320 1373212    0    0     0    16 1081   49 12  0 87  0
 1  0      0 29460680 133320 1373212    0    0     0     0 1069   31 13  0 88  0
 1  0      0 29459192 133320 1373212    0    0     0     0 1059   29 12  0 88  0
 1  0      0 29457828 133328 1373204    0    0     0    12 1085   49 12  0 87  0
 1  0      0 29457828 133328 1373208    0    0     0     0 1083   51 13  0 88  0
procs -----------memory---------- ---swap-- -----io---- -system-- ----cpu----
 r  b   swpd   free   buff  cache   si   so    bi    bo   in   cs us sy id wa
 1  0      0 29457828 133328 1373208    0    0     0     0 1063   29 12  0 88  0
 1  0      0 29457828 133328 1373208    0    0     0     0 1064   27 12  0 87  0
 1  0      0 29457828 133328 1373216    0    0     0     0 1062   29 13  0 88  0
 1  0      0 29457580 133336 1373220    0    0     0    12 1102   68 12  0 87  0
 1  0      0 29457812 133336 1373220    0    0     0     0 1066   35 12  0 87  0
 1  0      0 29457812 133336 1373220    0    0     0     0 1073   31 13  0 88  0
 1  0      0 29456696 133336 1373220    0    0     0     0 1064   31 12  0 88  0
 1  0      0 29456572 133336 1373224    0    0     0     0 1078   49 13  0 88  0
 1  0      0 29456572 133344 1373216    0    0     0    12 1071   48 12  0 87  0
 1  0      0 29456572 133344 1373216    0    0     0     0 1068   33 12  0 87  0
 1  0      0 29456572 133344 1373224    0    0     0     0 1067   33 12  0 88  0
 1  0      0 29456572 133344 1373224    0    0     0     0 1080   51 12  0 87  0
 1  0      0 29456572 133344 1373228    0    0     0     0 1067   31 12  0 87  0
 1  0      0 29456616 133352 1373220    0    0     0    12 1085   53 13  0 87  0
 1  0      0 29456680 133352 1373228    0    0     0     0 1071   35 12  0 88  0
 1  0      0 29456680 133352 1373228    0    0     0     0 1073   45 12  0 87  0
 1  0      0 29456680 133352 1373232    0    0     0     0 1063   29 13  0 87  0
 1  0      0 29456680 133352 1373232    0    0     0     0 1061   29 12  0 87  0
 1  0      0 29456680 133360 1373224    0    0     0    12 1075   49 12  0 87  0
 1  0      0 29456556 133360 1373232    0    0     0     0 1079   45 13  0 88  0
 1  0      0 29456556 133360 1373236    0    0     0     0 1061   31 13  0 88  0
procs -----------memory---------- ---swap-- -----io---- -system-- ----cpu----
 r  b   swpd   free   buff  cache   si   so    bi    bo   in   cs us sy id wa
 1  0      0 29456556 133360 1373236    0    0     0     0 1057   27 12  0 87  0
 1  0      0 29456556 133360 1373236    0    0     0     0 1067   29 13  0 88  0
 1  0      0 29455856 133368 1373228    0    0     0    12 1107   91 12  0 87  0
 1  0      0 29455920 133368 1373232    0    0     0     0 1078   37 13  0 88  0
 1  0      0 29455920 133368 1373232    0    0     0    48 1070   33 12  0 88  0
 1  0      0 29455920 133368 1373240    0    0     0     0 1065   37 12  0 87  0
 1  0      0 29455920 133368 1373240    0    0     0     0 1072   45 13  0 88  0
 1  0      0 29455920 133376 1373232    0    0     0    28 1076   48 13  0 87  0
 1  0      0 29455920 133376 1373236    0    0     0     0 1057   27 12  0 88  0
 1  0      0 29455920 133376 1373244    0    0     0     0 1063   33 12  0 87  0
 1  0      0 29455920 133376 1373244    0    0     0     0 1072   43 12  0 87  0
 1  0      0 29455920 133376 1373244    0    0     0     0 1062   29 13  0 88  0
 1  0      0 29455840 133384 1373240    0    0     0    12 1095   64 12  0 87  0
 1  0      0 29455780 133384 1373248    0    0     0     0 1077   35 12  0 87  0
 1  0      0 29455780 133384 1373248    0    0     0     0 1089   55 12  0 88  0
 1  0      0 29397944 133384 1373248    0    0     0     0 1073   31 12  0 87  0
 1  0      0 29332100 133384 1373252    0    0     0     0 1078   41 12  0 88  0
 1  0      0 29309764 133392 1373244    0    0     0    12 1074   47 12  0 87  0
 1  0      0 29309764 133392 1373248    0    0     0     0 1072   43 12  0 88  0
 1  0      0 29285568 133392 1373248    0    0     0     0 1064   31 12  0 87  0
 1  0      0 29285568 133392 1373252    0    0     0     0 1070   29 13  0 88  0
procs -----------memory---------- ---swap-- -----io---- -system-- ----cpu----
 r  b   swpd   free   buff  cache   si   so    bi    bo   in   cs us sy id wa
 1  0      0 29285568 133392 1373260    0    0     0     0 1069   30 13  0 88  0
 1  0      0 29350588 133400 1373252    0    0     0    12 1093   62 13  0 87  0
 1  0      0 29198120 133400 1373252    0    0     0     0 1074   35 12  1 88  0
 1  0      0 29178636 133400 1373252    0    0     0     0 1070   29 13  0 88  0
 1  0      0 29159648 133400 1373264    0    0     0     0 1062   29 12  0 88  0
 1  0      0 29100448 133400 1373264    0    0     0     0 1076   49 12  0 87  0
 1  0      0 29081148 133408 1373256    0    0     0    12 1087   51 12  0 87  0
 1  0      0 29020644 133408 1373256    0    0     0     0 1081   35 12  0 88  0
 1  0      0 29096196 133408 1373268    0    0     0     0 1064   31 12  0 88  0
 1  0      0 29115440 133408 1373268    0    0     0     0 1077   43 12  0 87  0
 1  0      0 28898328 133408 1373276    0    0     0     0 1096   49 12  1 88  0
 1  0      0 28811940 133416 1373308    0    0     0    16 1087   43 12  0 87  0
 1  0      0 28780708 133416 1373584    0    0     0     0 1072   35 12  0 87  0
 1  0      0 28761764 133416 1374064    0    0     0    32 1076   49 13  0 87  0
 1  0      0 28745008 133416 1374540    0    0     0     0 1059   31 12  0 88  0
 1  0      0 28728252 133428 1374904    0    0     4  1540 1081   49 12  0 87  0
 1  0      0 28711372 133436 1375268    0    0     0    20 1080   47 12  0 87  0
 1  0      0 28694616 133436 1375568    0    0     0     0 1071   45 13  0 88  0
 1  0      0 28680032 133436 1375924    0    0     0    20 1083   37 12  0 87  0
 1  0      0 28663400 133436 1376224    0    0     0     0 1066   27 12  0 88  0
 1  0      0 28646520 133444 1376472    0    0     0    12 1076   49 13  0 87  0
procs -----------memory---------- ---swap-- -----io---- -system-- ----cpu----
 r  b   swpd   free   buff  cache   si   so    bi    bo   in   cs us sy id wa
 1  0      0 28629640 133452 1376764    0    0     0    20 1102   59 12  0 87  0
 1  0      0 28611192 133452 1377064    0    0     0     0 1073   36 12  0 88  0
 1  0      0 28588540 133452 1377124    0    0     0     0 1059   29 13  0 88  0
 1  0      0 28565888 133452 1377260    0    0     0     0 1068   29 12  0 87  0
 1  0      0 28541188 133460 1377316    0    0     0    12 1087   65 12  0 88  0
 1  0      0 28518412 133468 1377436    0    0     0    12 1079   49 12  0 87  0
 1  0      0 28495884 133468 1377496    0    0     0     0 1071   33 12  0 87  0
 1  0      0 28475280 133468 1377624    0    0     0     0 1073   33 13  0 88  0
 1  0      0 28448408 133468 1377688    0    0     0     0 1074   43 12  0 88  0
 1  0      0 28425880 133476 1377740    0    0     0  2976 1098   60 12  0 87  0
 1  0      0 28404904 133484 1377864    0    0     0    12 1098   54 12  0 87  0
 1  0      0 28380436 133484 1377924    0    0     0     0 1069   31 12  0 88  0
 1  0      0 28373920 133484 1377988    0    0     0     0 1093   56 13  0 88  0
 1  0      0 28371872 133484 1378108    0    0     0     0 1065   27 12  0 87  0
 1  0      0 28369700 133492 1378160    0    0     0    12 1082   50 12  0 87  0
 1  0      0 28367404 133500 1378224    0    0     0    12 1072   43 13  0 87  0
 1  0      0 28363060 133500 1378348    0    0     0     0 1069   43 12  0 87  0
 1  0      0 28360640 133500 1378588    0    0     0     0 1071   31 12  0 88  0
 1  0      0 28358220 133500 1379068    0    0     0     0 1068   27 13  0 88  0
 1  0      0 29032504 133500 1379460    0    0     0  1704 1079   45 12  0 88  0
 1  0      0 29032256 133516 1379444    0    0     0    36 1097   73 13  0 87  0
procs -----------memory---------- ---swap-- -----io---- -system-- ----cpu----
 r  b   swpd   free   buff  cache   si   so    bi    bo   in   cs us sy id wa
 1  0      0 29032488 133516 1379448    0    0     0     0 1075   36 13  0 88  0
 1  0      0 29032488 133516 1379468    0    0     0     8 1107   53 12  0 87  0
 1  0      0 29032488 133516 1379472    0    0     0     0 1065   31 12  0 87  0
 1  0      0 29032488 133516 1379472    0    0     0     0 1082   51 12  0 88  0
 1  0      0 29032488 133524 1379468    0    0     0    24 1083   51 13  0 87  0
